SF:/Users/andrei/git/proposalsapp/apps/detective/database.rs
FN:55,_RNvNtCsmdD2PK2ogL_9detective8database15store_proposals
FN:59,_RNCNvNtCsmdD2PK2ogL_9detective8database15store_proposals0B5_
FN:64,_RNCNCNvNtCsmdD2PK2ogL_9detective8database15store_proposals00B7_
FN:76,_RNCNCNvNtCsmdD2PK2ogL_9detective8database15store_proposals0s_0B7_
FN:81,_RNCNCNvNtCsmdD2PK2ogL_9detective8database15store_proposals0s0_0B7_
FN:101,_RNvNtCsmdD2PK2ogL_9detective8database11store_votes
FN:105,_RNCNvNtCsmdD2PK2ogL_9detective8database11store_votes0B5_
FN:114,_RNCNCNvNtCsmdD2PK2ogL_9detective8database11store_votes00B7_
FN:182,_RNCNCNvNtCsmdD2PK2ogL_9detective8database11store_votes0s_0B7_
FN:193,_RNCNCNvNtCsmdD2PK2ogL_9detective8database11store_votes0s0_0B7_
FN:245,_RNvNtCsmdD2PK2ogL_9detective8database19ensure_voters_exist
FN:248,_RNCNvNtCsmdD2PK2ogL_9detective8database19ensure_voters_exist0B5_
FN:261,_RNCNCNvNtCsmdD2PK2ogL_9detective8database19ensure_voters_exist00B7_
FN:266,_RNCNCNvNtCsmdD2PK2ogL_9detective8database19ensure_voters_exist0s_0B7_
FN:267,_RNCNCNvNtCsmdD2PK2ogL_9detective8database19ensure_voters_exist0s0_0B7_
FN:282,_RNvNtCsmdD2PK2ogL_9detective8database30update_indexer_speed_and_index
FN:287,_RNCNvNtCsmdD2PK2ogL_9detective8database30update_indexer_speed_and_index0B5_
FN:299,_RNvNtCsmdD2PK2ogL_9detective8database20update_indexer_speed
FN:303,_RNCNvNtCsmdD2PK2ogL_9detective8database20update_indexer_speed0B5_
FN:314,_RNvNtCsmdD2PK2ogL_9detective8database18fetch_dao_indexers
FN:316,_RNCNvNtCsmdD2PK2ogL_9detective8database18fetch_dao_indexers0B5_
FN:324,_RNCNCNvNtCsmdD2PK2ogL_9detective8database18fetch_dao_indexers00B7_
FN:324,_RNCNCNCNvNtCsmdD2PK2ogL_9detective8database18fetch_dao_indexers000B9_
FN:36,_RNCNvMNtCsmdD2PK2ogL_9detective8databaseNtB4_13DatabaseStore7connect0B6_
FN:36,_RNvMNtCsmdD2PK2ogL_9detective8databaseNtB2_13DatabaseStore7connect
FNDA:0,_RNvNtCsmdD2PK2ogL_9detective8database15store_proposals
FNDA:0,_RNCNvNtCsmdD2PK2ogL_9detective8database15store_proposals0B5_
FNDA:0,_RNCNCNvNtCsmdD2PK2ogL_9detective8database15store_proposals00B7_
FNDA:0,_RNCNCNvNtCsmdD2PK2ogL_9detective8database15store_proposals0s_0B7_
FNDA:0,_RNCNCNvNtCsmdD2PK2ogL_9detective8database15store_proposals0s0_0B7_
FNDA:0,_RNvNtCsmdD2PK2ogL_9detective8database11store_votes
FNDA:0,_RNCNvNtCsmdD2PK2ogL_9detective8database11store_votes0B5_
FNDA:0,_RNCNCNvNtCsmdD2PK2ogL_9detective8database11store_votes00B7_
FNDA:0,_RNCNCNvNtCsmdD2PK2ogL_9detective8database11store_votes0s_0B7_
FNDA:0,_RNCNCNvNtCsmdD2PK2ogL_9detective8database11store_votes0s0_0B7_
FNDA:0,_RNvNtCsmdD2PK2ogL_9detective8database19ensure_voters_exist
FNDA:0,_RNCNvNtCsmdD2PK2ogL_9detective8database19ensure_voters_exist0B5_
FNDA:0,_RNCNCNvNtCsmdD2PK2ogL_9detective8database19ensure_voters_exist00B7_
FNDA:0,_RNCNCNvNtCsmdD2PK2ogL_9detective8database19ensure_voters_exist0s_0B7_
FNDA:0,_RNCNCNvNtCsmdD2PK2ogL_9detective8database19ensure_voters_exist0s0_0B7_
FNDA:0,_RNvNtCsmdD2PK2ogL_9detective8database30update_indexer_speed_and_index
FNDA:0,_RNCNvNtCsmdD2PK2ogL_9detective8database30update_indexer_speed_and_index0B5_
FNDA:0,_RNvNtCsmdD2PK2ogL_9detective8database20update_indexer_speed
FNDA:0,_RNCNvNtCsmdD2PK2ogL_9detective8database20update_indexer_speed0B5_
FNDA:0,_RNvNtCsmdD2PK2ogL_9detective8database18fetch_dao_indexers
FNDA:0,_RNCNvNtCsmdD2PK2ogL_9detective8database18fetch_dao_indexers0B5_
FNDA:0,_RNCNCNvNtCsmdD2PK2ogL_9detective8database18fetch_dao_indexers00B7_
FNDA:0,_RNCNCNCNvNtCsmdD2PK2ogL_9detective8database18fetch_dao_indexers000B9_
FNDA:0,_RNCNvMNtCsmdD2PK2ogL_9detective8databaseNtB4_13DatabaseStore7connect0B6_
FNDA:0,_RNvMNtCsmdD2PK2ogL_9detective8databaseNtB2_13DatabaseStore7connect
FNF:25
FNH:0
DA:36,0
DA:37,0
DA:38,0
DA:40,0
DA:41,0
DA:42,0
DA:43,0
DA:44,0
DA:45,0
DA:46,0
DA:47,0
DA:48,0
DA:49,0
DA:50,0
DA:51,0
DA:52,0
DA:55,0
DA:56,0
DA:57,0
DA:58,0
DA:59,0
DA:60,0
DA:62,0
DA:63,0
DA:64,0
DA:65,0
DA:67,0
DA:68,0
DA:69,0
DA:70,0
DA:71,0
DA:72,0
DA:73,0
DA:74,0
DA:75,0
DA:76,0
DA:77,0
DA:78,0
DA:79,0
DA:80,0
DA:81,0
DA:82,0
DA:83,0
DA:84,0
DA:85,0
DA:86,0
DA:89,0
DA:90,0
DA:91,0
DA:92,0
DA:93,0
DA:94,0
DA:97,0
DA:98,0
DA:99,0
DA:101,0
DA:102,0
DA:103,0
DA:104,0
DA:105,0
DA:106,0
DA:107,0
DA:108,0
DA:110,0
DA:112,0
DA:113,0
DA:114,0
DA:115,0
DA:118,0
DA:119,0
DA:120,0
DA:121,0
DA:123,0
DA:126,0
DA:129,0
DA:132,0
DA:134,0
DA:135,0
DA:137,0
DA:140,0
DA:143,0
DA:146,0
DA:148,0
DA:150,0
DA:153,0
DA:156,0
DA:159,0
DA:161,0
DA:163,0
DA:166,0
DA:168,0
DA:172,0
DA:173,0
DA:174,0
DA:175,0
DA:176,0
DA:177,0
DA:178,0
DA:180,0
DA:181,0
DA:182,0
DA:183,0
DA:184,0
DA:185,0
DA:186,0
DA:187,0
DA:189,0
DA:190,0
DA:191,0
DA:192,0
DA:193,0
DA:194,0
DA:195,0
DA:196,0
DA:197,0
DA:198,0
DA:199,0
DA:200,0
DA:201,0
DA:204,0
DA:205,0
DA:206,0
DA:207,0
DA:208,0
DA:209,0
DA:210,0
DA:211,0
DA:215,0
DA:216,0
DA:217,0
DA:218,0
DA:220,0
DA:221,0
DA:222,0
DA:223,0
DA:224,0
DA:225,0
DA:226,0
DA:227,0
DA:228,0
DA:229,0
DA:230,0
DA:231,0
DA:232,0
DA:233,0
DA:234,0
DA:235,0
DA:236,0
DA:237,0
DA:240,0
DA:242,0
DA:243,0
DA:245,0
DA:246,0
DA:247,0
DA:248,0
DA:251,0
DA:252,0
DA:253,0
DA:254,0
DA:256,0
DA:257,0
DA:258,0
DA:259,0
DA:260,0
DA:261,0
DA:262,0
DA:263,0
DA:264,0
DA:265,0
DA:266,0
DA:267,0
DA:268,0
DA:269,0
DA:270,0
DA:271,0
DA:272,0
DA:273,0
DA:274,0
DA:275,0
DA:276,0
DA:279,0
DA:280,0
DA:282,0
DA:283,0
DA:284,0
DA:285,0
DA:286,0
DA:287,0
DA:288,0
DA:289,0
DA:290,0
DA:291,0
DA:292,0
DA:293,0
DA:294,0
DA:295,0
DA:296,0
DA:297,0
DA:299,0
DA:300,0
DA:301,0
DA:302,0
DA:303,0
DA:304,0
DA:305,0
DA:306,0
DA:307,0
DA:308,0
DA:309,0
DA:310,0
DA:311,0
DA:312,0
DA:314,0
DA:315,0
DA:316,0
DA:317,0
DA:318,0
DA:319,0
DA:320,0
DA:321,0
DA:322,0
DA:323,0
DA:324,0
DA:325,0
DA:326,0
BRF:0
BRH:0
LF:246
LH:0
end_of_record
SF:/Users/andrei/git/proposalsapp/apps/detective/indexer.rs
FN:16,_RNvYpNtNtCsmdD2PK2ogL_9detective7indexer7Indexer12adjust_speedB7_
FNDA:0,_RNvYpNtNtCsmdD2PK2ogL_9detective7indexer7Indexer12adjust_speedB7_
FNF:1
FNH:0
DA:16,0
DA:17,0
DA:19,0
DA:20,0
DA:21,0
DA:24,0
DA:25,0
DA:27,0
BRF:0
BRH:0
LF:8
LH:0
end_of_record
SF:/Users/andrei/git/proposalsapp/apps/detective/indexers/aave_v2_mainnet_proposals.rs
FN:110,_RNvXNtNtCsmdD2PK2ogL_9detective8indexers25aave_v2_mainnet_proposalsNtB2_29AaveV2MainnetProposalsIndexerNtNtB6_7indexer7Indexer17min_refresh_speed
FN:113,_RNvXNtNtCsmdD2PK2ogL_9detective8indexers25aave_v2_mainnet_proposalsNtB2_29AaveV2MainnetProposalsIndexerNtNtB6_7indexer7Indexer17max_refresh_speed
FN:118,_RNvNtNtCsmdD2PK2ogL_9detective8indexers25aave_v2_mainnet_proposals17data_for_proposal
FN:305,_RNvNtNtCsmdD2PK2ogL_9detective8indexers25aave_v2_mainnet_proposals9get_title
FN:375,_RNvNtNtCsmdD2PK2ogL_9detective8indexers25aave_v2_mainnet_proposals14get_discussion
FN:448,_RNvNtNtCsmdD2PK2ogL_9detective8indexers25aave_v2_mainnet_proposals8get_body
FN:109,_RNvXNtNtCsmdD2PK2ogL_9detective8indexers25aave_v2_mainnet_proposalsNtB2_29AaveV2MainnetProposalsIndexerNtNtB6_7indexer7Indexer7process
FN:123,_RNCNvNtNtCsmdD2PK2ogL_9detective8indexers25aave_v2_mainnet_proposals17data_for_proposal0B7_
FN:197,_RNCNCNvNtNtCsmdD2PK2ogL_9detective8indexers25aave_v2_mainnet_proposals17data_for_proposal00B9_
FN:253,_RNCNCNvNtNtCsmdD2PK2ogL_9detective8indexers25aave_v2_mainnet_proposals17data_for_proposal0s_0B9_
FN:254,_RNCNCNvNtNtCsmdD2PK2ogL_9detective8indexers25aave_v2_mainnet_proposals17data_for_proposal0s0_0B9_
FN:305,_RNCNvNtNtCsmdD2PK2ogL_9detective8indexers25aave_v2_mainnet_proposals9get_title0B7_
FN:375,_RNCNvNtNtCsmdD2PK2ogL_9detective8indexers25aave_v2_mainnet_proposals14get_discussion0B7_
FN:448,_RNCNvNtNtCsmdD2PK2ogL_9detective8indexers25aave_v2_mainnet_proposals8get_body0B7_
FN:54,_RNCNvXNtNtCsmdD2PK2ogL_9detective8indexers25aave_v2_mainnet_proposalsNtB4_29AaveV2MainnetProposalsIndexerNtNtB8_7indexer7Indexer7process0B8_
FN:95,_RNCNCNvXNtNtCsmdD2PK2ogL_9detective8indexers25aave_v2_mainnet_proposalsNtB6_29AaveV2MainnetProposalsIndexerNtNtBa_7indexer7Indexer7process00Ba_
FN:101,_RNCNCNvXNtNtCsmdD2PK2ogL_9detective8indexers25aave_v2_mainnet_proposalsNtB6_29AaveV2MainnetProposalsIndexerNtNtBa_7indexer7Indexer7process0s_0Ba_
FN:492,_RNvNtNtNtCsmdD2PK2ogL_9detective8indexers25aave_v2_mainnet_proposals15aave_v2_contents_18get_markdown_title
FN:511,_RNvNtNtNtCsmdD2PK2ogL_9detective8indexers25aave_v2_mainnet_proposals15aave_v2_contents_14get_json_title
FN:523,_RNvNtNtNtCsmdD2PK2ogL_9detective8indexers25aave_v2_mainnet_proposals15aave_v2_contents_26get_markdown_discussionurl
FN:546,_RNvNtNtNtCsmdD2PK2ogL_9detective8indexers25aave_v2_mainnet_proposals15aave_v2_contents_22get_json_discussionurl
FN:560,_RNvNtNtNtCsmdD2PK2ogL_9detective8indexers25aave_v2_mainnet_proposals15aave_v2_contents_17get_markdown_body
FN:572,_RNvNtNtNtCsmdD2PK2ogL_9detective8indexers25aave_v2_mainnet_proposals15aave_v2_contents_13get_json_body
FN:596,_RNvNtNtNtCsmdD2PK2ogL_9detective8indexers25aave_v2_mainnet_proposals17aave_v2_proposalss_9aave_v2_1
FN:660,_RNvNtNtNtCsmdD2PK2ogL_9detective8indexers25aave_v2_mainnet_proposals17aave_v2_proposalss_9aave_v2_2
FN:722,_RNvNtNtNtCsmdD2PK2ogL_9detective8indexers25aave_v2_mainnet_proposals17aave_v2_proposalss_9aave_v2_3
FN:492,_RNCNvNtNtNtCsmdD2PK2ogL_9detective8indexers25aave_v2_mainnet_proposals15aave_v2_contents_18get_markdown_title0B9_
FN:511,_RNCNvNtNtNtCsmdD2PK2ogL_9detective8indexers25aave_v2_mainnet_proposals15aave_v2_contents_14get_json_title0B9_
FN:523,_RNCNvNtNtNtCsmdD2PK2ogL_9detective8indexers25aave_v2_mainnet_proposals15aave_v2_contents_26get_markdown_discussionurl0B9_
FN:546,_RNCNvNtNtNtCsmdD2PK2ogL_9detective8indexers25aave_v2_mainnet_proposals15aave_v2_contents_22get_json_discussionurl0B9_
FN:560,_RNCNvNtNtNtCsmdD2PK2ogL_9detective8indexers25aave_v2_mainnet_proposals15aave_v2_contents_17get_markdown_body0B9_
FN:572,_RNCNvNtNtNtCsmdD2PK2ogL_9detective8indexers25aave_v2_mainnet_proposals15aave_v2_contents_13get_json_body0B9_
FN:596,_RNCNvNtNtNtCsmdD2PK2ogL_9detective8indexers25aave_v2_mainnet_proposals17aave_v2_proposalss_9aave_v2_10B9_
FN:660,_RNCNvNtNtNtCsmdD2PK2ogL_9detective8indexers25aave_v2_mainnet_proposals17aave_v2_proposalss_9aave_v2_20B9_
FN:722,_RNCNvNtNtNtCsmdD2PK2ogL_9detective8indexers25aave_v2_mainnet_proposals17aave_v2_proposalss_9aave_v2_30B9_
FNDA:0,_RNvXNtNtCsmdD2PK2ogL_9detective8indexers25aave_v2_mainnet_proposalsNtB2_29AaveV2MainnetProposalsIndexerNtNtB6_7indexer7Indexer17min_refresh_speed
FNDA:0,_RNvXNtNtCsmdD2PK2ogL_9detective8indexers25aave_v2_mainnet_proposalsNtB2_29AaveV2MainnetProposalsIndexerNtNtB6_7indexer7Indexer17max_refresh_speed
FNDA:3,_RNvNtNtCsmdD2PK2ogL_9detective8indexers25aave_v2_mainnet_proposals17data_for_proposal
FNDA:8,_RNvNtNtCsmdD2PK2ogL_9detective8indexers25aave_v2_mainnet_proposals9get_title
FNDA:8,_RNvNtNtCsmdD2PK2ogL_9detective8indexers25aave_v2_mainnet_proposals14get_discussion
FNDA:7,_RNvNtNtCsmdD2PK2ogL_9detective8indexers25aave_v2_mainnet_proposals8get_body
FNDA:3,_RNvXNtNtCsmdD2PK2ogL_9detective8indexers25aave_v2_mainnet_proposalsNtB2_29AaveV2MainnetProposalsIndexerNtNtB6_7indexer7Indexer7process
FNDA:3,_RNCNvNtNtCsmdD2PK2ogL_9detective8indexers25aave_v2_mainnet_proposals17data_for_proposal0B7_
FNDA:0,_RNCNCNvNtNtCsmdD2PK2ogL_9detective8indexers25aave_v2_mainnet_proposals17data_for_proposal00B9_
FNDA:1,_RNCNCNvNtNtCsmdD2PK2ogL_9detective8indexers25aave_v2_mainnet_proposals17data_for_proposal0s_0B9_
FNDA:2,_RNCNCNvNtNtCsmdD2PK2ogL_9detective8indexers25aave_v2_mainnet_proposals17data_for_proposal0s0_0B9_
FNDA:8,_RNCNvNtNtCsmdD2PK2ogL_9detective8indexers25aave_v2_mainnet_proposals9get_title0B7_
FNDA:8,_RNCNvNtNtCsmdD2PK2ogL_9detective8indexers25aave_v2_mainnet_proposals14get_discussion0B7_
FNDA:7,_RNCNvNtNtCsmdD2PK2ogL_9detective8indexers25aave_v2_mainnet_proposals8get_body0B7_
FNDA:3,_RNCNvXNtNtCsmdD2PK2ogL_9detective8indexers25aave_v2_mainnet_proposalsNtB4_29AaveV2MainnetProposalsIndexerNtNtB8_7indexer7Indexer7process0B8_
FNDA:3,_RNCNCNvXNtNtCsmdD2PK2ogL_9detective8indexers25aave_v2_mainnet_proposalsNtB6_29AaveV2MainnetProposalsIndexerNtNtBa_7indexer7Indexer7process00Ba_
FNDA:0,_RNCNCNvXNtNtCsmdD2PK2ogL_9detective8indexers25aave_v2_mainnet_proposalsNtB6_29AaveV2MainnetProposalsIndexerNtNtBa_7indexer7Indexer7process0s_0Ba_
FNDA:1,_RNvNtNtNtCsmdD2PK2ogL_9detective8indexers25aave_v2_mainnet_proposals15aave_v2_contents_18get_markdown_title
FNDA:1,_RNvNtNtNtCsmdD2PK2ogL_9detective8indexers25aave_v2_mainnet_proposals15aave_v2_contents_14get_json_title
FNDA:1,_RNvNtNtNtCsmdD2PK2ogL_9detective8indexers25aave_v2_mainnet_proposals15aave_v2_contents_26get_markdown_discussionurl
FNDA:1,_RNvNtNtNtCsmdD2PK2ogL_9detective8indexers25aave_v2_mainnet_proposals15aave_v2_contents_22get_json_discussionurl
FNDA:1,_RNvNtNtNtCsmdD2PK2ogL_9detective8indexers25aave_v2_mainnet_proposals15aave_v2_contents_17get_markdown_body
FNDA:1,_RNvNtNtNtCsmdD2PK2ogL_9detective8indexers25aave_v2_mainnet_proposals15aave_v2_contents_13get_json_body
FNDA:1,_RNvNtNtNtCsmdD2PK2ogL_9detective8indexers25aave_v2_mainnet_proposals17aave_v2_proposalss_9aave_v2_1
FNDA:1,_RNvNtNtNtCsmdD2PK2ogL_9detective8indexers25aave_v2_mainnet_proposals17aave_v2_proposalss_9aave_v2_2
FNDA:1,_RNvNtNtNtCsmdD2PK2ogL_9detective8indexers25aave_v2_mainnet_proposals17aave_v2_proposalss_9aave_v2_3
FNDA:1,_RNCNvNtNtNtCsmdD2PK2ogL_9detective8indexers25aave_v2_mainnet_proposals15aave_v2_contents_18get_markdown_title0B9_
FNDA:1,_RNCNvNtNtNtCsmdD2PK2ogL_9detective8indexers25aave_v2_mainnet_proposals15aave_v2_contents_14get_json_title0B9_
FNDA:1,_RNCNvNtNtNtCsmdD2PK2ogL_9detective8indexers25aave_v2_mainnet_proposals15aave_v2_contents_26get_markdown_discussionurl0B9_
FNDA:1,_RNCNvNtNtNtCsmdD2PK2ogL_9detective8indexers25aave_v2_mainnet_proposals15aave_v2_contents_22get_json_discussionurl0B9_
FNDA:1,_RNCNvNtNtNtCsmdD2PK2ogL_9detective8indexers25aave_v2_mainnet_proposals15aave_v2_contents_17get_markdown_body0B9_
FNDA:1,_RNCNvNtNtNtCsmdD2PK2ogL_9detective8indexers25aave_v2_mainnet_proposals15aave_v2_contents_13get_json_body0B9_
FNDA:1,_RNCNvNtNtNtCsmdD2PK2ogL_9detective8indexers25aave_v2_mainnet_proposals17aave_v2_proposalss_9aave_v2_10B9_
FNDA:1,_RNCNvNtNtNtCsmdD2PK2ogL_9detective8indexers25aave_v2_mainnet_proposals17aave_v2_proposalss_9aave_v2_20B9_
FNDA:1,_RNCNvNtNtNtCsmdD2PK2ogL_9detective8indexers25aave_v2_mainnet_proposals17aave_v2_proposalss_9aave_v2_30B9_
FNF:35
FNH:31
DA:54,3
DA:55,3
DA:57,3
DA:59,3
DA:60,3
DA:61,18
DA:62,3
DA:64,3
DA:65,3
DA:66,0
DA:68,3
DA:71,3
DA:72,3
DA:73,3
DA:75,3
DA:76,3
DA:77,3
DA:78,3
DA:79,3
DA:80,3
DA:81,11
DA:82,3
DA:84,3
DA:86,3
DA:87,3
DA:88,639
DA:89,3
DA:90,3
DA:93,3
DA:94,3
DA:95,3
DA:96,3
DA:97,3
DA:100,3
DA:101,3
DA:102,0
DA:103,0
DA:104,3
DA:105,3
DA:106,3
DA:107,3
DA:108,3
DA:109,6
DA:110,0
DA:111,0
DA:112,0
DA:113,0
DA:114,0
DA:115,0
DA:118,3
DA:119,3
DA:120,3
DA:121,3
DA:122,3
DA:123,3
DA:124,3
DA:125,3
DA:126,3
DA:127,3
DA:129,3
DA:130,3
DA:131,40
DA:132,3
DA:133,3
DA:134,3
DA:135,3
DA:136,3
DA:137,3
DA:138,3
DA:139,3
DA:140,3
DA:141,3
DA:142,3
DA:144,253
DA:145,3
DA:147,0
DA:148,0
DA:149,0
DA:150,0
DA:151,0
DA:152,0
DA:153,0
DA:154,0
DA:155,0
DA:158,0
DA:159,0
DA:163,238
DA:164,3
DA:166,0
DA:167,0
DA:168,0
DA:169,0
DA:170,0
DA:171,0
DA:172,0
DA:173,0
DA:174,0
DA:177,0
DA:178,0
DA:182,3
DA:183,3
DA:184,3
DA:185,3
DA:186,3
DA:187,3
DA:188,3
DA:189,3
DA:190,3
DA:192,3
DA:193,3
DA:194,3
DA:195,3
DA:196,3
DA:197,3
DA:198,3
DA:200,3
DA:201,3
DA:202,3
DA:203,3
DA:204,3
DA:207,3
DA:208,3
DA:209,3
DA:210,3
DA:211,3
DA:214,3
DA:215,3
DA:216,3
DA:218,3
DA:219,3
DA:220,3
DA:221,11
DA:222,3
DA:225,3
DA:226,3
DA:227,3
DA:228,3
DA:229,3
DA:230,3
DA:231,3
DA:232,3
DA:233,3
DA:234,3
DA:235,3
DA:236,3
DA:238,3
DA:239,29
DA:240,3
DA:241,3
DA:242,28
DA:243,3
DA:244,3
DA:245,28
DA:246,3
DA:248,3
DA:249,3
DA:250,3
DA:251,3
DA:252,3
DA:253,3
DA:254,3
DA:255,2
DA:256,2
DA:257,0
DA:258,0
DA:260,0
DA:262,3
DA:264,3
DA:265,0
DA:266,1
DA:267,0
DA:268,0
DA:269,0
DA:270,0
DA:271,0
DA:272,2
DA:273,0
DA:276,3
DA:277,3
DA:278,3
DA:279,3
DA:280,3
DA:281,3
DA:282,3
DA:283,3
DA:284,3
DA:285,3
DA:286,3
DA:287,3
DA:288,3
DA:289,3
DA:290,3
DA:291,3
DA:292,3
DA:293,3
DA:294,3
DA:295,3
DA:296,3
DA:297,3
DA:298,3
DA:299,3
DA:300,3
DA:301,3
DA:302,3
DA:303,3
DA:305,8
DA:306,8
DA:307,8
DA:308,8
DA:310,8
DA:311,8
DA:312,8
DA:313,8
DA:314,8
DA:317,18
DA:318,18
DA:319,18
DA:320,18
DA:321,91
DA:323,14
DA:324,14
DA:326,21
DA:328,6
DA:330,6
DA:331,3
DA:332,3
DA:334,3
DA:335,3
DA:336,3
DA:337,0
DA:339,6
DA:340,6
DA:341,6
DA:342,0
DA:343,6
DA:345,6
DA:346,2
DA:347,4
DA:349,6
DA:350,2
DA:351,4
DA:353,6
DA:354,0
DA:355,6
DA:357,6
DA:359,12
DA:360,12
DA:361,12
DA:362,12
DA:363,12
DA:364,12
DA:365,12
DA:366,10
DA:367,10
DA:368,10
DA:370,2
DA:373,8
DA:375,8
DA:376,8
DA:377,8
DA:378,8
DA:380,8
DA:381,8
DA:382,8
DA:383,8
DA:384,8
DA:387,18
DA:388,18
DA:389,18
DA:390,18
DA:391,90
DA:393,14
DA:394,14
DA:396,20
DA:398,6
DA:400,6
DA:401,3
DA:402,3
DA:403,3
DA:404,3
DA:405,3
DA:407,3
DA:408,3
DA:409,3
DA:410,0
DA:412,6
DA:413,6
DA:414,6
DA:415,0
DA:416,6
DA:418,6
DA:419,2
DA:420,4
DA:422,6
DA:423,2
DA:424,4
DA:426,6
DA:427,0
DA:428,6
DA:430,6
DA:432,12
DA:433,12
DA:434,12
DA:435,12
DA:436,12
DA:437,12
DA:438,12
DA:439,10
DA:440,10
DA:441,10
DA:443,2
DA:446,8
DA:448,7
DA:449,7
DA:450,7
DA:451,7
DA:452,7
DA:453,7
DA:454,7
DA:455,7
DA:456,7
DA:459,17
DA:460,17
DA:461,17
DA:462,17
DA:463,82
DA:465,13
DA:466,13
DA:467,18
DA:469,5
DA:471,12
DA:472,12
DA:473,12
DA:474,12
DA:475,12
DA:476,12
DA:477,12
DA:478,10
DA:479,10
DA:480,10
DA:482,2
DA:485,7
DA:492,1
DA:493,1
DA:494,1
DA:495,11
DA:496,1
DA:497,1
DA:498,1
DA:499,1
DA:500,1
DA:501,1
DA:502,8
DA:503,1
DA:504,1
DA:505,1
DA:506,1
DA:507,31
DA:508,1
DA:511,1
DA:512,1
DA:513,1
DA:514,11
DA:515,1
DA:516,1
DA:517,1
DA:518,1
DA:519,32
DA:520,1
DA:523,1
DA:524,1
DA:525,1
DA:526,1
DA:527,1
DA:528,10
DA:529,1
DA:530,1
DA:531,1
DA:532,1
DA:533,1
DA:534,1
DA:535,1
DA:536,1
DA:537,8
DA:538,1
DA:539,1
DA:540,1
DA:541,1
DA:542,33
DA:543,1
DA:546,1
DA:547,1
DA:548,1
DA:549,1
DA:550,1
DA:551,10
DA:552,1
DA:553,1
DA:554,1
DA:555,1
DA:556,31
DA:557,1
DA:560,1
DA:561,1
DA:562,1
DA:563,10
DA:564,1
DA:565,1
DA:566,1
DA:567,1
DA:568,31
DA:569,1
DA:572,1
DA:573,1
DA:574,1
DA:575,10
DA:576,1
DA:577,1
DA:578,1
DA:579,1
DA:580,31
DA:581,1
DA:596,1
DA:597,1
DA:598,1
DA:599,1
DA:600,1
DA:601,1
DA:602,1
DA:603,1
DA:604,1
DA:605,1
DA:606,1
DA:607,1
DA:608,1
DA:609,1
DA:610,1
DA:611,1
DA:612,1
DA:613,1
DA:614,1
DA:615,1
DA:616,1
DA:617,1
DA:618,1
DA:619,1
DA:620,1
DA:621,1
DA:622,217
DA:623,1
DA:624,1
DA:625,1
DA:626,1
DA:627,1
DA:628,1
DA:629,1
DA:630,1
DA:631,1
DA:632,1
DA:633,1
DA:634,1
DA:635,1
DA:636,1
DA:637,1
DA:638,1
DA:639,1
DA:640,1
DA:641,1
DA:642,1
DA:643,1
DA:644,1
DA:645,1
DA:646,1
DA:647,1
DA:648,1
DA:649,1
DA:650,1
DA:651,1
DA:652,1
DA:653,1
DA:654,1
DA:655,1
DA:656,1
DA:657,1
DA:660,1
DA:661,1
DA:662,1
DA:663,1
DA:664,1
DA:665,1
DA:666,1
DA:667,1
DA:668,1
DA:669,1
DA:670,1
DA:671,1
DA:672,1
DA:673,1
DA:674,1
DA:675,1
DA:676,1
DA:677,1
DA:678,1
DA:679,1
DA:680,1
DA:681,1
DA:682,1
DA:683,1
DA:684,1
DA:685,1
DA:686,235
DA:687,1
DA:688,1
DA:689,1
DA:690,1
DA:691,1
DA:692,1
DA:693,1
DA:694,1
DA:695,1
DA:696,1
DA:697,1
DA:698,1
DA:699,1
DA:700,1
DA:701,1
DA:702,1
DA:703,1
DA:704,1
DA:705,1
DA:706,1
DA:707,1
DA:708,1
DA:709,1
DA:710,1
DA:711,1
DA:712,1
DA:713,1
DA:714,1
DA:715,1
DA:716,1
DA:717,1
DA:718,1
DA:719,1
DA:722,1
DA:723,1
DA:724,1
DA:725,1
DA:726,1
DA:727,1
DA:728,1
DA:729,1
DA:730,1
DA:731,1
DA:732,1
DA:733,1
DA:734,1
DA:735,1
DA:736,1
DA:737,1
DA:738,1
DA:739,1
DA:740,1
DA:741,1
DA:742,1
DA:743,1
DA:744,1
DA:745,1
DA:746,1
DA:747,1
DA:748,216
DA:749,1
DA:750,1
DA:751,1
DA:752,1
DA:753,1
DA:754,1
DA:755,1
DA:756,1
DA:757,1
DA:758,1
DA:759,1
DA:760,1
DA:761,1
DA:762,1
DA:763,1
DA:764,1
DA:765,1
DA:766,1
DA:767,1
DA:768,1
DA:769,1
DA:770,1
DA:771,1
DA:772,1
DA:773,1
DA:774,1
DA:775,1
DA:776,1
DA:777,1
DA:778,1
DA:779,1
BRF:0
BRH:0
LF:833
LH:780
end_of_record
SF:/Users/andrei/git/proposalsapp/apps/detective/indexers/aave_v2_mainnet_votes.rs
FN:20,_RNvMNtNtCsmdD2PK2ogL_9detective8indexers21aave_v2_mainnet_votesNtB2_25AaveV2MainnetVotesIndexer24proposal_indexer_variant
FN:74,_RNvXs_NtNtCsmdD2PK2ogL_9detective8indexers21aave_v2_mainnet_votesNtB4_25AaveV2MainnetVotesIndexerNtNtB8_7indexer7Indexer17min_refresh_speed
FN:77,_RNvXs_NtNtCsmdD2PK2ogL_9detective8indexers21aave_v2_mainnet_votesNtB4_25AaveV2MainnetVotesIndexerNtNtB8_7indexer7Indexer17max_refresh_speed
FN:86,_RNCNvNtNtCsmdD2PK2ogL_9detective8indexers21aave_v2_mainnet_votes9get_votes0B7_
FN:38,_RNCNvXs_NtNtCsmdD2PK2ogL_9detective8indexers21aave_v2_mainnet_votesNtB6_25AaveV2MainnetVotesIndexerNtNtBa_7indexer7Indexer7process0Ba_
FN:82,_RNvNtNtCsmdD2PK2ogL_9detective8indexers21aave_v2_mainnet_votes9get_votes
FN:73,_RNvXs_NtNtCsmdD2PK2ogL_9detective8indexers21aave_v2_mainnet_votesNtB4_25AaveV2MainnetVotesIndexerNtNtB8_7indexer7Indexer7process
FN:142,_RNCNvNtNtNtCsmdD2PK2ogL_9detective8indexers21aave_v2_mainnet_votes21aave_v2_mainnet_votess_17aave_v2_mainnet_10B9_
FN:142,_RNvNtNtNtCsmdD2PK2ogL_9detective8indexers21aave_v2_mainnet_votes21aave_v2_mainnet_votess_17aave_v2_mainnet_1
FNDA:0,_RNvMNtNtCsmdD2PK2ogL_9detective8indexers21aave_v2_mainnet_votesNtB2_25AaveV2MainnetVotesIndexer24proposal_indexer_variant
FNDA:0,_RNvXs_NtNtCsmdD2PK2ogL_9detective8indexers21aave_v2_mainnet_votesNtB4_25AaveV2MainnetVotesIndexerNtNtB8_7indexer7Indexer17min_refresh_speed
FNDA:0,_RNvXs_NtNtCsmdD2PK2ogL_9detective8indexers21aave_v2_mainnet_votesNtB4_25AaveV2MainnetVotesIndexerNtNtB8_7indexer7Indexer17max_refresh_speed
FNDA:1,_RNCNvNtNtCsmdD2PK2ogL_9detective8indexers21aave_v2_mainnet_votes9get_votes0B7_
FNDA:1,_RNCNvXs_NtNtCsmdD2PK2ogL_9detective8indexers21aave_v2_mainnet_votesNtB6_25AaveV2MainnetVotesIndexerNtNtBa_7indexer7Indexer7process0Ba_
FNDA:1,_RNvNtNtCsmdD2PK2ogL_9detective8indexers21aave_v2_mainnet_votes9get_votes
FNDA:1,_RNvXs_NtNtCsmdD2PK2ogL_9detective8indexers21aave_v2_mainnet_votesNtB4_25AaveV2MainnetVotesIndexerNtNtB8_7indexer7Indexer7process
FNDA:1,_RNCNvNtNtNtCsmdD2PK2ogL_9detective8indexers21aave_v2_mainnet_votes21aave_v2_mainnet_votess_17aave_v2_mainnet_10B9_
FNDA:1,_RNvNtNtNtCsmdD2PK2ogL_9detective8indexers21aave_v2_mainnet_votes21aave_v2_mainnet_votess_17aave_v2_mainnet_1
FNF:9
FNH:6
DA:20,0
DA:21,0
DA:22,0
DA:38,1
DA:39,1
DA:41,1
DA:43,1
DA:44,1
DA:45,6
DA:46,1
DA:48,1
DA:49,1
DA:50,0
DA:52,1
DA:55,1
DA:56,1
DA:57,1
DA:59,1
DA:60,1
DA:61,1
DA:62,1
DA:63,1
DA:64,1
DA:65,1
DA:66,1
DA:68,1
DA:69,12
DA:70,1
DA:72,1
DA:73,2
DA:74,0
DA:75,0
DA:76,0
DA:77,0
DA:78,0
DA:79,0
DA:82,1
DA:83,1
DA:84,1
DA:85,1
DA:86,1
DA:87,1
DA:88,1
DA:89,1
DA:91,2
DA:92,1
DA:93,1
DA:94,1
DA:95,12
DA:96,1
DA:97,1
DA:98,1
DA:99,1
DA:100,1
DA:101,1
DA:102,1
DA:103,1
DA:104,1
DA:105,1
DA:106,1
DA:107,1
DA:108,1
DA:109,1
DA:110,1
DA:111,1
DA:112,0
DA:114,1
DA:115,1
DA:116,1
DA:117,1
DA:118,1
DA:119,1
DA:120,1
DA:121,1
DA:122,1
DA:123,1
DA:124,1
DA:125,1
DA:129,1
DA:130,1
DA:142,1
DA:143,1
DA:144,1
DA:145,1
DA:146,1
DA:147,1
DA:148,1
DA:149,1
DA:150,1
DA:151,1
DA:152,1
DA:153,1
DA:154,1
DA:155,1
DA:156,1
DA:157,1
DA:158,1
DA:159,1
DA:160,1
DA:161,1
DA:162,1
DA:163,1
DA:164,1
DA:165,1
DA:166,19
DA:167,1
DA:168,1
DA:169,1
DA:170,1
DA:171,1
DA:172,1
DA:173,1
DA:174,1
DA:175,1
DA:176,1
DA:177,1
DA:178,1
DA:179,1
DA:180,1
DA:181,1
DA:182,1
DA:183,1
DA:184,1
DA:185,1
DA:186,1
DA:187,1
DA:188,1
BRF:0
BRH:0
LF:173
LH:161
end_of_record
SF:/Users/andrei/git/proposalsapp/apps/detective/indexers/aave_v3_avalanche_votes.rs
FN:20,_RNvMNtNtCsmdD2PK2ogL_9detective8indexers23aave_v3_avalanche_votesNtB2_27AaveV3AvalancheVotesIndexer24proposal_indexer_variant
FN:73,_RNvXs_NtNtCsmdD2PK2ogL_9detective8indexers23aave_v3_avalanche_votesNtB4_27AaveV3AvalancheVotesIndexerNtNtB8_7indexer7Indexer7process
FN:38,_RNCNvXs_NtNtCsmdD2PK2ogL_9detective8indexers23aave_v3_avalanche_votesNtB6_27AaveV3AvalancheVotesIndexerNtNtBa_7indexer7Indexer7process0Ba_
FN:74,_RNvXs_NtNtCsmdD2PK2ogL_9detective8indexers23aave_v3_avalanche_votesNtB4_27AaveV3AvalancheVotesIndexerNtNtB8_7indexer7Indexer17min_refresh_speed
FN:77,_RNvXs_NtNtCsmdD2PK2ogL_9detective8indexers23aave_v3_avalanche_votesNtB4_27AaveV3AvalancheVotesIndexerNtNtB8_7indexer7Indexer17max_refresh_speed
FN:82,_RNvNtNtCsmdD2PK2ogL_9detective8indexers23aave_v3_avalanche_votes9get_votes
FN:86,_RNCNvNtNtCsmdD2PK2ogL_9detective8indexers23aave_v3_avalanche_votes9get_votes0B7_
FNDA:0,_RNvMNtNtCsmdD2PK2ogL_9detective8indexers23aave_v3_avalanche_votesNtB2_27AaveV3AvalancheVotesIndexer24proposal_indexer_variant
FNDA:0,_RNvXs_NtNtCsmdD2PK2ogL_9detective8indexers23aave_v3_avalanche_votesNtB4_27AaveV3AvalancheVotesIndexerNtNtB8_7indexer7Indexer7process
FNDA:0,_RNCNvXs_NtNtCsmdD2PK2ogL_9detective8indexers23aave_v3_avalanche_votesNtB6_27AaveV3AvalancheVotesIndexerNtNtBa_7indexer7Indexer7process0Ba_
FNDA:0,_RNvXs_NtNtCsmdD2PK2ogL_9detective8indexers23aave_v3_avalanche_votesNtB4_27AaveV3AvalancheVotesIndexerNtNtB8_7indexer7Indexer17min_refresh_speed
FNDA:0,_RNvXs_NtNtCsmdD2PK2ogL_9detective8indexers23aave_v3_avalanche_votesNtB4_27AaveV3AvalancheVotesIndexerNtNtB8_7indexer7Indexer17max_refresh_speed
FNDA:0,_RNvNtNtCsmdD2PK2ogL_9detective8indexers23aave_v3_avalanche_votes9get_votes
FNDA:0,_RNCNvNtNtCsmdD2PK2ogL_9detective8indexers23aave_v3_avalanche_votes9get_votes0B7_
FNF:7
FNH:0
DA:20,0
DA:21,0
DA:22,0
DA:38,0
DA:39,0
DA:41,0
DA:43,0
DA:44,0
DA:45,0
DA:46,0
DA:48,0
DA:49,0
DA:50,0
DA:52,0
DA:55,0
DA:56,0
DA:57,0
DA:59,0
DA:60,0
DA:61,0
DA:62,0
DA:63,0
DA:64,0
DA:65,0
DA:66,0
DA:68,0
DA:69,0
DA:70,0
DA:72,0
DA:73,0
DA:74,0
DA:75,0
DA:76,0
DA:77,0
DA:78,0
DA:79,0
DA:82,0
DA:83,0
DA:84,0
DA:85,0
DA:86,0
DA:87,0
DA:88,0
DA:89,0
DA:91,0
DA:92,0
DA:93,0
DA:94,0
DA:95,0
DA:96,0
DA:97,0
DA:98,0
DA:99,0
DA:100,0
DA:101,0
DA:102,0
DA:103,0
DA:104,0
DA:105,0
DA:106,0
DA:107,0
DA:108,0
DA:109,0
DA:110,0
DA:111,0
DA:112,0
DA:114,0
DA:115,0
DA:116,0
DA:117,0
DA:118,0
DA:119,0
DA:120,0
DA:121,0
DA:122,0
DA:123,0
DA:124,0
DA:125,0
DA:129,0
DA:130,0
BRF:0
BRH:0
LF:82
LH:0
end_of_record
SF:/Users/andrei/git/proposalsapp/apps/detective/indexers/aave_v3_mainnet_proposals.rs
FN:94,_RNvXNtNtCsmdD2PK2ogL_9detective8indexers25aave_v3_mainnet_proposalsNtB2_29AaveV3MainnetProposalsIndexerNtNtB6_7indexer7Indexer17min_refresh_speed
FN:97,_RNvXNtNtCsmdD2PK2ogL_9detective8indexers25aave_v3_mainnet_proposalsNtB2_29AaveV3MainnetProposalsIndexerNtNtB6_7indexer7Indexer17max_refresh_speed
FN:106,_RNCNvNtNtCsmdD2PK2ogL_9detective8indexers25aave_v3_mainnet_proposals17data_for_proposal0B7_
FN:188,_RNCNCNvNtNtCsmdD2PK2ogL_9detective8indexers25aave_v3_mainnet_proposals17data_for_proposal00B9_
FN:232,_RNCNvNtNtCsmdD2PK2ogL_9detective8indexers25aave_v3_mainnet_proposals9get_title0B7_
FN:302,_RNCNvNtNtCsmdD2PK2ogL_9detective8indexers25aave_v3_mainnet_proposals14get_discussion0B7_
FN:375,_RNCNvNtNtCsmdD2PK2ogL_9detective8indexers25aave_v3_mainnet_proposals8get_body0B7_
FN:38,_RNCNvXNtNtCsmdD2PK2ogL_9detective8indexers25aave_v3_mainnet_proposalsNtB4_29AaveV3MainnetProposalsIndexerNtNtB8_7indexer7Indexer7process0B8_
FN:79,_RNCNCNvXNtNtCsmdD2PK2ogL_9detective8indexers25aave_v3_mainnet_proposalsNtB6_29AaveV3MainnetProposalsIndexerNtNtBa_7indexer7Indexer7process00Ba_
FN:85,_RNCNCNvXNtNtCsmdD2PK2ogL_9detective8indexers25aave_v3_mainnet_proposalsNtB6_29AaveV3MainnetProposalsIndexerNtNtBa_7indexer7Indexer7process0s_0Ba_
FN:102,_RNvNtNtCsmdD2PK2ogL_9detective8indexers25aave_v3_mainnet_proposals17data_for_proposal
FN:232,_RNvNtNtCsmdD2PK2ogL_9detective8indexers25aave_v3_mainnet_proposals9get_title
FN:302,_RNvNtNtCsmdD2PK2ogL_9detective8indexers25aave_v3_mainnet_proposals14get_discussion
FN:375,_RNvNtNtCsmdD2PK2ogL_9detective8indexers25aave_v3_mainnet_proposals8get_body
FN:93,_RNvXNtNtCsmdD2PK2ogL_9detective8indexers25aave_v3_mainnet_proposalsNtB2_29AaveV3MainnetProposalsIndexerNtNtB6_7indexer7Indexer7process
FN:424,_RNCNvNtNtNtCsmdD2PK2ogL_9detective8indexers25aave_v3_mainnet_proposals17aave_v3_proposalss_9aave_v3_10B9_
FN:481,_RNCNvNtNtNtCsmdD2PK2ogL_9detective8indexers25aave_v3_mainnet_proposals17aave_v3_proposalss_9aave_v3_20B9_
FN:561,_RNCNvNtNtNtCsmdD2PK2ogL_9detective8indexers25aave_v3_mainnet_proposals17aave_v3_proposalss_9aave_v3_30B9_
FN:424,_RNvNtNtNtCsmdD2PK2ogL_9detective8indexers25aave_v3_mainnet_proposals17aave_v3_proposalss_9aave_v3_1
FN:481,_RNvNtNtNtCsmdD2PK2ogL_9detective8indexers25aave_v3_mainnet_proposals17aave_v3_proposalss_9aave_v3_2
FN:561,_RNvNtNtNtCsmdD2PK2ogL_9detective8indexers25aave_v3_mainnet_proposals17aave_v3_proposalss_9aave_v3_3
FNDA:0,_RNvXNtNtCsmdD2PK2ogL_9detective8indexers25aave_v3_mainnet_proposalsNtB2_29AaveV3MainnetProposalsIndexerNtNtB6_7indexer7Indexer17min_refresh_speed
FNDA:0,_RNvXNtNtCsmdD2PK2ogL_9detective8indexers25aave_v3_mainnet_proposalsNtB2_29AaveV3MainnetProposalsIndexerNtNtB6_7indexer7Indexer17max_refresh_speed
FNDA:4,_RNCNvNtNtCsmdD2PK2ogL_9detective8indexers25aave_v3_mainnet_proposals17data_for_proposal0B7_
FNDA:4,_RNCNCNvNtNtCsmdD2PK2ogL_9detective8indexers25aave_v3_mainnet_proposals17data_for_proposal00B9_
FNDA:4,_RNCNvNtNtCsmdD2PK2ogL_9detective8indexers25aave_v3_mainnet_proposals9get_title0B7_
FNDA:4,_RNCNvNtNtCsmdD2PK2ogL_9detective8indexers25aave_v3_mainnet_proposals14get_discussion0B7_
FNDA:4,_RNCNvNtNtCsmdD2PK2ogL_9detective8indexers25aave_v3_mainnet_proposals8get_body0B7_
FNDA:3,_RNCNvXNtNtCsmdD2PK2ogL_9detective8indexers25aave_v3_mainnet_proposalsNtB4_29AaveV3MainnetProposalsIndexerNtNtB8_7indexer7Indexer7process0B8_
FNDA:4,_RNCNCNvXNtNtCsmdD2PK2ogL_9detective8indexers25aave_v3_mainnet_proposalsNtB6_29AaveV3MainnetProposalsIndexerNtNtBa_7indexer7Indexer7process00Ba_
FNDA:0,_RNCNCNvXNtNtCsmdD2PK2ogL_9detective8indexers25aave_v3_mainnet_proposalsNtB6_29AaveV3MainnetProposalsIndexerNtNtBa_7indexer7Indexer7process0s_0Ba_
FNDA:4,_RNvNtNtCsmdD2PK2ogL_9detective8indexers25aave_v3_mainnet_proposals17data_for_proposal
FNDA:4,_RNvNtNtCsmdD2PK2ogL_9detective8indexers25aave_v3_mainnet_proposals9get_title
FNDA:4,_RNvNtNtCsmdD2PK2ogL_9detective8indexers25aave_v3_mainnet_proposals14get_discussion
FNDA:4,_RNvNtNtCsmdD2PK2ogL_9detective8indexers25aave_v3_mainnet_proposals8get_body
FNDA:3,_RNvXNtNtCsmdD2PK2ogL_9detective8indexers25aave_v3_mainnet_proposalsNtB2_29AaveV3MainnetProposalsIndexerNtNtB6_7indexer7Indexer7process
FNDA:1,_RNCNvNtNtNtCsmdD2PK2ogL_9detective8indexers25aave_v3_mainnet_proposals17aave_v3_proposalss_9aave_v3_10B9_
FNDA:1,_RNCNvNtNtNtCsmdD2PK2ogL_9detective8indexers25aave_v3_mainnet_proposals17aave_v3_proposalss_9aave_v3_20B9_
FNDA:1,_RNCNvNtNtNtCsmdD2PK2ogL_9detective8indexers25aave_v3_mainnet_proposals17aave_v3_proposalss_9aave_v3_30B9_
FNDA:1,_RNvNtNtNtCsmdD2PK2ogL_9detective8indexers25aave_v3_mainnet_proposals17aave_v3_proposalss_9aave_v3_1
FNDA:1,_RNvNtNtNtCsmdD2PK2ogL_9detective8indexers25aave_v3_mainnet_proposals17aave_v3_proposalss_9aave_v3_2
FNDA:1,_RNvNtNtNtCsmdD2PK2ogL_9detective8indexers25aave_v3_mainnet_proposals17aave_v3_proposalss_9aave_v3_3
FNF:21
FNH:18
DA:38,3
DA:39,3
DA:41,3
DA:43,3
DA:44,3
DA:45,18
DA:46,3
DA:48,3
DA:49,3
DA:50,0
DA:52,3
DA:55,3
DA:56,3
DA:57,3
DA:59,3
DA:60,3
DA:61,3
DA:62,3
DA:63,3
DA:64,3
DA:65,5
DA:66,3
DA:68,3
DA:70,4
DA:71,4
DA:72,143
DA:73,4
DA:74,4
DA:77,3
DA:78,3
DA:79,4
DA:80,4
DA:81,4
DA:84,4
DA:85,3
DA:86,0
DA:87,0
DA:88,3
DA:89,3
DA:90,3
DA:91,3
DA:92,3
DA:93,6
DA:94,0
DA:95,0
DA:96,0
DA:97,0
DA:98,0
DA:99,0
DA:102,4
DA:103,4
DA:104,4
DA:105,4
DA:106,4
DA:107,4
DA:109,4
DA:110,4
DA:111,4
DA:112,13
DA:113,4
DA:116,4
DA:117,4
DA:118,4
DA:119,4
DA:120,4
DA:121,4
DA:122,4
DA:124,4
DA:125,4
DA:126,4
DA:127,4
DA:128,4
DA:129,4
DA:130,4
DA:132,4
DA:133,4
DA:134,4
DA:135,4
DA:136,4
DA:137,4
DA:138,4
DA:139,4
DA:140,4
DA:141,4
DA:142,4
DA:143,4
DA:144,4
DA:145,4
DA:146,4
DA:147,4
DA:148,4
DA:149,4
DA:150,4
DA:151,4
DA:152,4
DA:153,4
DA:154,4
DA:155,4
DA:156,4
DA:158,4
DA:159,4
DA:160,4
DA:161,4
DA:162,4
DA:165,4
DA:166,4
DA:167,4
DA:168,4
DA:169,4
DA:171,4
DA:172,40
DA:173,4
DA:175,4
DA:176,41
DA:177,4
DA:179,4
DA:180,41
DA:181,4
DA:183,4
DA:184,4
DA:185,4
DA:186,4
DA:187,4
DA:188,4
DA:189,4
DA:191,4
DA:192,0
DA:193,0
DA:194,0
DA:195,0
DA:196,2
DA:197,1
DA:198,1
DA:199,0
DA:200,0
DA:203,4
DA:204,4
DA:205,4
DA:206,4
DA:207,4
DA:208,4
DA:209,4
DA:210,4
DA:211,4
DA:212,4
DA:213,4
DA:214,4
DA:215,4
DA:216,4
DA:217,4
DA:218,4
DA:219,4
DA:220,4
DA:221,4
DA:222,4
DA:223,4
DA:224,4
DA:225,4
DA:226,4
DA:227,4
DA:228,4
DA:229,4
DA:230,4
DA:232,4
DA:233,4
DA:234,4
DA:235,4
DA:237,4
DA:238,4
DA:239,4
DA:240,4
DA:241,4
DA:244,4
DA:245,4
DA:246,4
DA:247,4
DA:248,24
DA:250,4
DA:251,4
DA:253,16
DA:255,4
DA:257,4
DA:258,0
DA:259,4
DA:261,4
DA:262,4
DA:263,4
DA:264,0
DA:266,4
DA:267,4
DA:268,4
DA:269,0
DA:270,4
DA:272,4
DA:273,4
DA:274,4
DA:276,4
DA:277,4
DA:278,4
DA:280,4
DA:281,0
DA:282,4
DA:284,4
DA:286,0
DA:287,0
DA:288,0
DA:289,0
DA:290,0
DA:291,0
DA:292,0
DA:293,0
DA:294,0
DA:295,0
DA:297,0
DA:300,4
DA:302,4
DA:303,4
DA:304,4
DA:305,4
DA:307,4
DA:308,4
DA:309,4
DA:310,4
DA:311,4
DA:314,4
DA:315,4
DA:316,4
DA:317,4
DA:318,25
DA:320,4
DA:321,4
DA:323,16
DA:325,4
DA:327,4
DA:328,0
DA:329,0
DA:330,0
DA:331,0
DA:332,4
DA:334,4
DA:335,4
DA:336,4
DA:337,0
DA:339,4
DA:340,4
DA:341,4
DA:342,0
DA:343,4
DA:345,4
DA:346,4
DA:347,4
DA:349,4
DA:350,4
DA:351,4
DA:353,4
DA:354,0
DA:355,4
DA:357,4
DA:359,0
DA:360,0
DA:361,0
DA:362,0
DA:363,0
DA:364,0
DA:365,0
DA:366,0
DA:367,0
DA:368,0
DA:370,0
DA:373,4
DA:375,4
DA:376,4
DA:377,4
DA:378,4
DA:379,4
DA:380,4
DA:381,4
DA:382,4
DA:383,4
DA:386,4
DA:387,4
DA:388,4
DA:389,4
DA:390,24
DA:392,4
DA:393,4
DA:394,17
DA:396,4
DA:398,0
DA:399,0
DA:400,0
DA:401,0
DA:402,0
DA:403,0
DA:404,0
DA:405,0
DA:406,0
DA:407,0
DA:409,0
DA:412,4
DA:424,1
DA:425,1
DA:426,1
DA:427,1
DA:428,1
DA:429,1
DA:430,1
DA:431,1
DA:432,1
DA:433,1
DA:434,1
DA:435,1
DA:436,1
DA:437,1
DA:438,1
DA:439,1
DA:440,1
DA:441,1
DA:442,1
DA:443,1
DA:444,1
DA:445,1
DA:446,1
DA:447,1
DA:448,36
DA:449,1
DA:450,1
DA:451,1
DA:452,1
DA:453,1
DA:454,1
DA:455,1
DA:456,1
DA:457,1
DA:458,1
DA:459,1
DA:460,1
DA:461,1
DA:462,1
DA:463,1
DA:464,1
DA:465,1
DA:466,1
DA:467,1
DA:468,1
DA:469,1
DA:470,1
DA:471,1
DA:472,1
DA:473,1
DA:474,1
DA:475,1
DA:476,1
DA:477,1
DA:478,1
DA:481,1
DA:482,1
DA:483,1
DA:484,1
DA:485,1
DA:486,1
DA:487,1
DA:488,1
DA:489,1
DA:490,1
DA:491,1
DA:492,1
DA:493,1
DA:494,1
DA:495,1
DA:496,1
DA:497,1
DA:498,1
DA:499,1
DA:500,1
DA:501,1
DA:502,1
DA:503,1
DA:504,1
DA:505,94
DA:506,1
DA:507,1
DA:508,1
DA:509,1
DA:510,1
DA:511,1
DA:512,1
DA:513,1
DA:514,1
DA:515,1
DA:516,1
DA:517,1
DA:518,1
DA:519,1
DA:520,1
DA:521,1
DA:522,1
DA:523,1
DA:524,1
DA:525,1
DA:526,1
DA:527,1
DA:528,1
DA:529,1
DA:530,1
DA:531,1
DA:532,1
DA:533,1
DA:534,1
DA:535,1
DA:536,1
DA:537,1
DA:538,1
DA:539,1
DA:540,1
DA:541,1
DA:542,1
DA:543,1
DA:544,1
DA:545,1
DA:546,1
DA:547,1
DA:548,1
DA:549,1
DA:550,1
DA:551,1
DA:552,2
DA:553,2
DA:554,2
DA:555,1
DA:556,1
DA:557,1
DA:558,1
DA:561,1
DA:562,1
DA:563,1
DA:564,1
DA:565,1
DA:566,1
DA:567,1
DA:568,1
DA:569,1
DA:570,1
DA:571,1
DA:572,1
DA:573,1
DA:574,1
DA:575,1
DA:576,1
DA:577,1
DA:578,1
DA:579,1
DA:580,1
DA:581,1
DA:582,1
DA:583,1
DA:584,1
DA:585,36
DA:586,1
DA:587,1
DA:588,1
DA:589,1
DA:590,1
DA:591,1
DA:592,1
DA:593,1
DA:594,1
DA:595,1
DA:596,1
DA:597,1
DA:598,1
DA:599,1
DA:600,1
DA:601,1
DA:602,1
DA:603,1
DA:604,1
DA:605,1
DA:606,1
DA:607,1
DA:608,1
DA:609,1
DA:610,1
DA:611,1
DA:612,1
DA:613,1
DA:614,1
DA:615,1
BRF:0
BRH:0
LF:677
LH:613
end_of_record
SF:/Users/andrei/git/proposalsapp/apps/detective/indexers/aave_v3_mainnet_votes.rs
FN:20,_RNvMNtNtCsmdD2PK2ogL_9detective8indexers21aave_v3_mainnet_votesNtB2_25AaveV3MainnetVotesIndexer24proposal_indexer_variant
FN:73,_RNvXs_NtNtCsmdD2PK2ogL_9detective8indexers21aave_v3_mainnet_votesNtB4_25AaveV3MainnetVotesIndexerNtNtB8_7indexer7Indexer7process
FN:38,_RNCNvXs_NtNtCsmdD2PK2ogL_9detective8indexers21aave_v3_mainnet_votesNtB6_25AaveV3MainnetVotesIndexerNtNtBa_7indexer7Indexer7process0Ba_
FN:74,_RNvXs_NtNtCsmdD2PK2ogL_9detective8indexers21aave_v3_mainnet_votesNtB4_25AaveV3MainnetVotesIndexerNtNtB8_7indexer7Indexer17min_refresh_speed
FN:77,_RNvXs_NtNtCsmdD2PK2ogL_9detective8indexers21aave_v3_mainnet_votesNtB4_25AaveV3MainnetVotesIndexerNtNtB8_7indexer7Indexer17max_refresh_speed
FN:82,_RNvNtNtCsmdD2PK2ogL_9detective8indexers21aave_v3_mainnet_votes9get_votes
FN:86,_RNCNvNtNtCsmdD2PK2ogL_9detective8indexers21aave_v3_mainnet_votes9get_votes0B7_
FNDA:0,_RNvMNtNtCsmdD2PK2ogL_9detective8indexers21aave_v3_mainnet_votesNtB2_25AaveV3MainnetVotesIndexer24proposal_indexer_variant
FNDA:0,_RNvXs_NtNtCsmdD2PK2ogL_9detective8indexers21aave_v3_mainnet_votesNtB4_25AaveV3MainnetVotesIndexerNtNtB8_7indexer7Indexer7process
FNDA:0,_RNCNvXs_NtNtCsmdD2PK2ogL_9detective8indexers21aave_v3_mainnet_votesNtB6_25AaveV3MainnetVotesIndexerNtNtBa_7indexer7Indexer7process0Ba_
FNDA:0,_RNvXs_NtNtCsmdD2PK2ogL_9detective8indexers21aave_v3_mainnet_votesNtB4_25AaveV3MainnetVotesIndexerNtNtB8_7indexer7Indexer17min_refresh_speed
FNDA:0,_RNvXs_NtNtCsmdD2PK2ogL_9detective8indexers21aave_v3_mainnet_votesNtB4_25AaveV3MainnetVotesIndexerNtNtB8_7indexer7Indexer17max_refresh_speed
FNDA:0,_RNvNtNtCsmdD2PK2ogL_9detective8indexers21aave_v3_mainnet_votes9get_votes
FNDA:0,_RNCNvNtNtCsmdD2PK2ogL_9detective8indexers21aave_v3_mainnet_votes9get_votes0B7_
FNF:7
FNH:0
DA:20,0
DA:21,0
DA:22,0
DA:38,0
DA:39,0
DA:41,0
DA:43,0
DA:44,0
DA:45,0
DA:46,0
DA:48,0
DA:49,0
DA:50,0
DA:52,0
DA:55,0
DA:56,0
DA:57,0
DA:59,0
DA:60,0
DA:61,0
DA:62,0
DA:63,0
DA:64,0
DA:65,0
DA:66,0
DA:68,0
DA:69,0
DA:70,0
DA:72,0
DA:73,0
DA:74,0
DA:75,0
DA:76,0
DA:77,0
DA:78,0
DA:79,0
DA:82,0
DA:83,0
DA:84,0
DA:85,0
DA:86,0
DA:87,0
DA:88,0
DA:89,0
DA:91,0
DA:92,0
DA:93,0
DA:94,0
DA:95,0
DA:96,0
DA:97,0
DA:98,0
DA:99,0
DA:100,0
DA:101,0
DA:102,0
DA:103,0
DA:104,0
DA:105,0
DA:106,0
DA:107,0
DA:108,0
DA:109,0
DA:110,0
DA:111,0
DA:112,0
DA:114,0
DA:115,0
DA:116,0
DA:117,0
DA:118,0
DA:119,0
DA:120,0
DA:121,0
DA:122,0
DA:123,0
DA:124,0
DA:125,0
DA:129,0
DA:130,0
BRF:0
BRH:0
LF:82
LH:0
end_of_record
SF:/Users/andrei/git/proposalsapp/apps/detective/indexers/aave_v3_polygon_votes.rs
FN:20,_RNvMNtNtCsmdD2PK2ogL_9detective8indexers21aave_v3_polygon_votesNtB2_25AaveV3PolygonVotesIndexer24proposal_indexer_variant
FN:73,_RNvXs_NtNtCsmdD2PK2ogL_9detective8indexers21aave_v3_polygon_votesNtB4_25AaveV3PolygonVotesIndexerNtNtB8_7indexer7Indexer7process
FN:38,_RNCNvXs_NtNtCsmdD2PK2ogL_9detective8indexers21aave_v3_polygon_votesNtB6_25AaveV3PolygonVotesIndexerNtNtBa_7indexer7Indexer7process0Ba_
FN:74,_RNvXs_NtNtCsmdD2PK2ogL_9detective8indexers21aave_v3_polygon_votesNtB4_25AaveV3PolygonVotesIndexerNtNtB8_7indexer7Indexer17min_refresh_speed
FN:77,_RNvXs_NtNtCsmdD2PK2ogL_9detective8indexers21aave_v3_polygon_votesNtB4_25AaveV3PolygonVotesIndexerNtNtB8_7indexer7Indexer17max_refresh_speed
FN:82,_RNvNtNtCsmdD2PK2ogL_9detective8indexers21aave_v3_polygon_votes9get_votes
FN:86,_RNCNvNtNtCsmdD2PK2ogL_9detective8indexers21aave_v3_polygon_votes9get_votes0B7_
FNDA:0,_RNvMNtNtCsmdD2PK2ogL_9detective8indexers21aave_v3_polygon_votesNtB2_25AaveV3PolygonVotesIndexer24proposal_indexer_variant
FNDA:0,_RNvXs_NtNtCsmdD2PK2ogL_9detective8indexers21aave_v3_polygon_votesNtB4_25AaveV3PolygonVotesIndexerNtNtB8_7indexer7Indexer7process
FNDA:0,_RNCNvXs_NtNtCsmdD2PK2ogL_9detective8indexers21aave_v3_polygon_votesNtB6_25AaveV3PolygonVotesIndexerNtNtBa_7indexer7Indexer7process0Ba_
FNDA:0,_RNvXs_NtNtCsmdD2PK2ogL_9detective8indexers21aave_v3_polygon_votesNtB4_25AaveV3PolygonVotesIndexerNtNtB8_7indexer7Indexer17min_refresh_speed
FNDA:0,_RNvXs_NtNtCsmdD2PK2ogL_9detective8indexers21aave_v3_polygon_votesNtB4_25AaveV3PolygonVotesIndexerNtNtB8_7indexer7Indexer17max_refresh_speed
FNDA:0,_RNvNtNtCsmdD2PK2ogL_9detective8indexers21aave_v3_polygon_votes9get_votes
FNDA:0,_RNCNvNtNtCsmdD2PK2ogL_9detective8indexers21aave_v3_polygon_votes9get_votes0B7_
FNF:7
FNH:0
DA:20,0
DA:21,0
DA:22,0
DA:38,0
DA:39,0
DA:41,0
DA:43,0
DA:44,0
DA:45,0
DA:46,0
DA:48,0
DA:49,0
DA:50,0
DA:52,0
DA:55,0
DA:56,0
DA:57,0
DA:59,0
DA:60,0
DA:61,0
DA:62,0
DA:63,0
DA:64,0
DA:65,0
DA:66,0
DA:68,0
DA:69,0
DA:70,0
DA:72,0
DA:73,0
DA:74,0
DA:75,0
DA:76,0
DA:77,0
DA:78,0
DA:79,0
DA:82,0
DA:83,0
DA:84,0
DA:85,0
DA:86,0
DA:87,0
DA:88,0
DA:89,0
DA:91,0
DA:92,0
DA:93,0
DA:94,0
DA:95,0
DA:96,0
DA:97,0
DA:98,0
DA:99,0
DA:100,0
DA:101,0
DA:102,0
DA:103,0
DA:104,0
DA:105,0
DA:106,0
DA:107,0
DA:108,0
DA:109,0
DA:110,0
DA:111,0
DA:112,0
DA:114,0
DA:115,0
DA:116,0
DA:117,0
DA:118,0
DA:119,0
DA:120,0
DA:121,0
DA:122,0
DA:123,0
DA:124,0
DA:125,0
DA:129,0
DA:130,0
BRF:0
BRH:0
LF:82
LH:0
end_of_record
SF:/Users/andrei/git/proposalsapp/apps/detective/indexers/arbitrum_core_proposals.rs
FN:93,_RNvXNtNtCsmdD2PK2ogL_9detective8indexers23arbitrum_core_proposalsNtB2_28ArbitrumCoreProposalsIndexerNtNtB6_7indexer7Indexer17min_refresh_speed
FN:96,_RNvXNtNtCsmdD2PK2ogL_9detective8indexers23arbitrum_core_proposalsNtB2_28ArbitrumCoreProposalsIndexerNtNtB6_7indexer7Indexer17max_refresh_speed
FN:109,_RNCNvNtNtCsmdD2PK2ogL_9detective8indexers23arbitrum_core_proposals17data_for_proposal0B7_
FN:37,_RNCNvXNtNtCsmdD2PK2ogL_9detective8indexers23arbitrum_core_proposalsNtB4_28ArbitrumCoreProposalsIndexerNtNtB8_7indexer7Indexer7process0B8_
FN:78,_RNCNCNvXNtNtCsmdD2PK2ogL_9detective8indexers23arbitrum_core_proposalsNtB6_28ArbitrumCoreProposalsIndexerNtNtBa_7indexer7Indexer7process00Ba_
FN:84,_RNCNCNvXNtNtCsmdD2PK2ogL_9detective8indexers23arbitrum_core_proposalsNtB6_28ArbitrumCoreProposalsIndexerNtNtBa_7indexer7Indexer7process0s_0Ba_
FN:101,_RNvNtNtCsmdD2PK2ogL_9detective8indexers23arbitrum_core_proposals17data_for_proposal
FN:92,_RNvXNtNtCsmdD2PK2ogL_9detective8indexers23arbitrum_core_proposalsNtB2_28ArbitrumCoreProposalsIndexerNtNtB6_7indexer7Indexer7process
FN:297,_RNCNvNtNtNtCsmdD2PK2ogL_9detective8indexers23arbitrum_core_proposals23arbitrum_core_proposalss_15arbitrum_core_10B9_
FN:354,_RNCNvNtNtNtCsmdD2PK2ogL_9detective8indexers23arbitrum_core_proposals23arbitrum_core_proposalss_15arbitrum_core_20B9_
FN:434,_RNCNvNtNtNtCsmdD2PK2ogL_9detective8indexers23arbitrum_core_proposals23arbitrum_core_proposalss_15arbitrum_core_30B9_
FN:297,_RNvNtNtNtCsmdD2PK2ogL_9detective8indexers23arbitrum_core_proposals23arbitrum_core_proposalss_15arbitrum_core_1
FN:354,_RNvNtNtNtCsmdD2PK2ogL_9detective8indexers23arbitrum_core_proposals23arbitrum_core_proposalss_15arbitrum_core_2
FN:434,_RNvNtNtNtCsmdD2PK2ogL_9detective8indexers23arbitrum_core_proposals23arbitrum_core_proposalss_15arbitrum_core_3
FNDA:0,_RNvXNtNtCsmdD2PK2ogL_9detective8indexers23arbitrum_core_proposalsNtB2_28ArbitrumCoreProposalsIndexerNtNtB6_7indexer7Indexer17min_refresh_speed
FNDA:0,_RNvXNtNtCsmdD2PK2ogL_9detective8indexers23arbitrum_core_proposalsNtB2_28ArbitrumCoreProposalsIndexerNtNtB6_7indexer7Indexer17max_refresh_speed
FNDA:4,_RNCNvNtNtCsmdD2PK2ogL_9detective8indexers23arbitrum_core_proposals17data_for_proposal0B7_
FNDA:3,_RNCNvXNtNtCsmdD2PK2ogL_9detective8indexers23arbitrum_core_proposalsNtB4_28ArbitrumCoreProposalsIndexerNtNtB8_7indexer7Indexer7process0B8_
FNDA:4,_RNCNCNvXNtNtCsmdD2PK2ogL_9detective8indexers23arbitrum_core_proposalsNtB6_28ArbitrumCoreProposalsIndexerNtNtBa_7indexer7Indexer7process00Ba_
FNDA:0,_RNCNCNvXNtNtCsmdD2PK2ogL_9detective8indexers23arbitrum_core_proposalsNtB6_28ArbitrumCoreProposalsIndexerNtNtBa_7indexer7Indexer7process0s_0Ba_
FNDA:4,_RNvNtNtCsmdD2PK2ogL_9detective8indexers23arbitrum_core_proposals17data_for_proposal
FNDA:3,_RNvXNtNtCsmdD2PK2ogL_9detective8indexers23arbitrum_core_proposalsNtB2_28ArbitrumCoreProposalsIndexerNtNtB6_7indexer7Indexer7process
FNDA:1,_RNCNvNtNtNtCsmdD2PK2ogL_9detective8indexers23arbitrum_core_proposals23arbitrum_core_proposalss_15arbitrum_core_10B9_
FNDA:1,_RNCNvNtNtNtCsmdD2PK2ogL_9detective8indexers23arbitrum_core_proposals23arbitrum_core_proposalss_15arbitrum_core_20B9_
FNDA:1,_RNCNvNtNtNtCsmdD2PK2ogL_9detective8indexers23arbitrum_core_proposals23arbitrum_core_proposalss_15arbitrum_core_30B9_
FNDA:1,_RNvNtNtNtCsmdD2PK2ogL_9detective8indexers23arbitrum_core_proposals23arbitrum_core_proposalss_15arbitrum_core_1
FNDA:1,_RNvNtNtNtCsmdD2PK2ogL_9detective8indexers23arbitrum_core_proposals23arbitrum_core_proposalss_15arbitrum_core_2
FNDA:1,_RNvNtNtNtCsmdD2PK2ogL_9detective8indexers23arbitrum_core_proposals23arbitrum_core_proposalss_15arbitrum_core_3
FNF:14
FNH:11
DA:37,3
DA:38,3
DA:40,3
DA:42,3
DA:43,3
DA:44,18
DA:45,3
DA:47,3
DA:48,3
DA:49,0
DA:51,3
DA:54,3
DA:55,3
DA:56,3
DA:58,3
DA:59,3
DA:60,3
DA:61,3
DA:62,3
DA:63,3
DA:64,70
DA:65,3
DA:67,3
DA:69,4
DA:70,4
DA:71,895
DA:72,4
DA:73,4
DA:76,3
DA:77,3
DA:78,4
DA:79,4
DA:80,4
DA:83,4
DA:84,3
DA:85,0
DA:86,0
DA:87,3
DA:88,3
DA:89,3
DA:90,3
DA:91,3
DA:92,6
DA:93,0
DA:94,0
DA:95,0
DA:96,0
DA:97,0
DA:98,0
DA:101,4
DA:102,4
DA:103,4
DA:104,4
DA:105,4
DA:106,4
DA:107,4
DA:108,4
DA:109,4
DA:110,4
DA:112,4
DA:113,4
DA:114,10
DA:115,4
DA:116,4
DA:120,4
DA:121,4
DA:122,4
DA:123,4
DA:124,4
DA:125,4
DA:127,4
DA:128,4
DA:129,4
DA:130,4
DA:132,4
DA:133,4
DA:134,4
DA:135,0
DA:136,4
DA:138,4
DA:140,4
DA:141,494
DA:142,4
DA:144,0
DA:145,0
DA:146,0
DA:147,0
DA:148,0
DA:149,0
DA:150,0
DA:151,0
DA:152,0
DA:155,0
DA:156,0
DA:160,371
DA:161,4
DA:163,0
DA:164,0
DA:165,0
DA:166,0
DA:167,0
DA:168,0
DA:169,0
DA:170,0
DA:171,0
DA:174,0
DA:175,0
DA:179,4
DA:180,4
DA:181,4
DA:182,4
DA:183,4
DA:184,4
DA:185,4
DA:186,4
DA:187,4
DA:188,4
DA:189,4
DA:190,4
DA:191,4
DA:192,4
DA:193,4
DA:194,4
DA:195,4
DA:196,4
DA:197,4
DA:198,4
DA:200,4
DA:201,0
DA:202,4
DA:204,4
DA:206,4
DA:207,4
DA:208,4
DA:209,4
DA:210,4
DA:212,4
DA:213,4
DA:214,4
DA:215,4
DA:216,4
DA:217,4
DA:218,4
DA:219,4
DA:220,4
DA:221,4
DA:222,4
DA:223,4
DA:225,4
DA:226,4
DA:227,4
DA:228,4
DA:229,4
DA:232,4
DA:233,4
DA:234,0
DA:237,4
DA:238,4
DA:239,4
DA:240,4
DA:241,4
DA:244,4
DA:245,0
DA:246,0
DA:247,0
DA:248,1
DA:249,0
DA:250,0
DA:251,0
DA:252,3
DA:253,0
DA:256,4
DA:257,4
DA:258,4
DA:259,4
DA:260,4
DA:261,4
DA:262,4
DA:263,4
DA:264,4
DA:265,4
DA:266,4
DA:267,4
DA:268,4
DA:269,4
DA:270,4
DA:271,4
DA:272,4
DA:273,4
DA:274,4
DA:275,4
DA:276,4
DA:277,4
DA:278,4
DA:279,4
DA:280,4
DA:281,4
DA:282,4
DA:283,4
DA:284,4
DA:285,4
DA:297,1
DA:298,1
DA:299,1
DA:300,1
DA:301,1
DA:302,1
DA:303,1
DA:304,1
DA:305,1
DA:306,1
DA:307,1
DA:308,1
DA:309,1
DA:310,1
DA:311,1
DA:312,1
DA:313,1
DA:314,1
DA:315,1
DA:316,1
DA:317,1
DA:318,1
DA:319,1
DA:320,1
DA:321,204
DA:322,1
DA:323,1
DA:324,1
DA:325,1
DA:326,1
DA:327,1
DA:328,1
DA:329,1
DA:330,1
DA:331,1
DA:332,1
DA:333,1
DA:334,1
DA:335,1
DA:336,1
DA:337,1
DA:338,1
DA:339,1
DA:340,1
DA:341,1
DA:342,1
DA:343,1
DA:344,1
DA:345,1
DA:346,1
DA:347,1
DA:348,1
DA:349,1
DA:350,1
DA:351,1
DA:354,1
DA:355,1
DA:356,1
DA:357,1
DA:358,1
DA:359,1
DA:360,1
DA:361,1
DA:362,1
DA:363,1
DA:364,1
DA:365,1
DA:366,1
DA:367,1
DA:368,1
DA:369,1
DA:370,1
DA:371,1
DA:372,1
DA:373,1
DA:374,1
DA:375,1
DA:376,1
DA:377,1
DA:378,595
DA:379,1
DA:380,1
DA:381,1
DA:382,1
DA:383,1
DA:384,1
DA:385,1
DA:386,1
DA:387,1
DA:388,1
DA:389,1
DA:390,1
DA:391,1
DA:392,1
DA:393,1
DA:394,1
DA:395,1
DA:396,1
DA:397,1
DA:398,1
DA:399,1
DA:400,1
DA:401,1
DA:402,1
DA:403,1
DA:404,1
DA:405,1
DA:406,1
DA:407,1
DA:408,1
DA:409,1
DA:410,1
DA:411,1
DA:412,1
DA:413,1
DA:414,1
DA:415,1
DA:416,1
DA:417,1
DA:418,1
DA:419,1
DA:420,1
DA:421,1
DA:422,1
DA:423,1
DA:424,1
DA:425,2
DA:426,2
DA:427,2
DA:428,1
DA:429,1
DA:430,1
DA:431,1
DA:434,1
DA:435,1
DA:436,1
DA:437,1
DA:438,1
DA:439,1
DA:440,1
DA:441,1
DA:442,1
DA:443,1
DA:444,1
DA:445,1
DA:446,1
DA:447,1
DA:448,1
DA:449,1
DA:450,1
DA:451,1
DA:452,1
DA:453,1
DA:454,1
DA:455,1
DA:456,1
DA:457,1
DA:458,184
DA:459,1
DA:460,1
DA:461,1
DA:462,1
DA:463,1
DA:464,1
DA:465,1
DA:466,1
DA:467,1
DA:468,1
DA:469,1
DA:470,1
DA:471,1
DA:472,1
DA:473,1
DA:474,1
DA:475,1
DA:476,1
DA:477,1
DA:478,1
DA:479,1
DA:480,1
DA:481,1
DA:482,1
DA:483,1
DA:484,1
DA:485,1
DA:486,1
DA:487,1
DA:488,1
BRF:0
BRH:0
LF:574
LH:528
end_of_record
SF:/Users/andrei/git/proposalsapp/apps/detective/indexers/arbitrum_core_votes.rs
FN:27,_RNvMNtNtCsmdD2PK2ogL_9detective8indexers19arbitrum_core_votesNtB2_24ArbitrumCoreVotesIndexer24proposal_indexer_variant
FN:90,_RNvXs_NtNtCsmdD2PK2ogL_9detective8indexers19arbitrum_core_votesNtB4_24ArbitrumCoreVotesIndexerNtNtB8_7indexer7Indexer17min_refresh_speed
FN:93,_RNvXs_NtNtCsmdD2PK2ogL_9detective8indexers19arbitrum_core_votesNtB4_24ArbitrumCoreVotesIndexerNtNtB8_7indexer7Indexer17max_refresh_speed
FN:212,_RNCNvNtNtNtCsmdD2PK2ogL_9detective8indexers19arbitrum_core_votes19arbitrum_core_votess_15arbitrum_core_10B9_
FN:98,_RNvNtNtCsmdD2PK2ogL_9detective8indexers19arbitrum_core_votes9get_votes
FN:150,_RNvNtNtCsmdD2PK2ogL_9detective8indexers19arbitrum_core_votes21get_votes_with_params
FN:89,_RNvXs_NtNtCsmdD2PK2ogL_9detective8indexers19arbitrum_core_votesNtB4_24ArbitrumCoreVotesIndexerNtNtB8_7indexer7Indexer7process
FN:212,_RNvNtNtNtCsmdD2PK2ogL_9detective8indexers19arbitrum_core_votes19arbitrum_core_votess_15arbitrum_core_1
FN:102,_RNCNvNtNtCsmdD2PK2ogL_9detective8indexers19arbitrum_core_votes9get_votes0B7_
FN:154,_RNCNvNtNtCsmdD2PK2ogL_9detective8indexers19arbitrum_core_votes21get_votes_with_params0B7_
FN:38,_RNCNvXs_NtNtCsmdD2PK2ogL_9detective8indexers19arbitrum_core_votesNtB6_24ArbitrumCoreVotesIndexerNtNtBa_7indexer7Indexer7process0Ba_
FNDA:0,_RNvMNtNtCsmdD2PK2ogL_9detective8indexers19arbitrum_core_votesNtB2_24ArbitrumCoreVotesIndexer24proposal_indexer_variant
FNDA:0,_RNvXs_NtNtCsmdD2PK2ogL_9detective8indexers19arbitrum_core_votesNtB4_24ArbitrumCoreVotesIndexerNtNtB8_7indexer7Indexer17min_refresh_speed
FNDA:0,_RNvXs_NtNtCsmdD2PK2ogL_9detective8indexers19arbitrum_core_votesNtB4_24ArbitrumCoreVotesIndexerNtNtB8_7indexer7Indexer17max_refresh_speed
FNDA:1,_RNCNvNtNtNtCsmdD2PK2ogL_9detective8indexers19arbitrum_core_votes19arbitrum_core_votess_15arbitrum_core_10B9_
FNDA:1,_RNvNtNtCsmdD2PK2ogL_9detective8indexers19arbitrum_core_votes9get_votes
FNDA:1,_RNvNtNtCsmdD2PK2ogL_9detective8indexers19arbitrum_core_votes21get_votes_with_params
FNDA:1,_RNvXs_NtNtCsmdD2PK2ogL_9detective8indexers19arbitrum_core_votesNtB4_24ArbitrumCoreVotesIndexerNtNtB8_7indexer7Indexer7process
FNDA:1,_RNvNtNtNtCsmdD2PK2ogL_9detective8indexers19arbitrum_core_votes19arbitrum_core_votess_15arbitrum_core_1
FNDA:1,_RNCNvNtNtCsmdD2PK2ogL_9detective8indexers19arbitrum_core_votes9get_votes0B7_
FNDA:1,_RNCNvNtNtCsmdD2PK2ogL_9detective8indexers19arbitrum_core_votes21get_votes_with_params0B7_
FNDA:1,_RNCNvXs_NtNtCsmdD2PK2ogL_9detective8indexers19arbitrum_core_votesNtB6_24ArbitrumCoreVotesIndexerNtNtBa_7indexer7Indexer7process0Ba_
FNF:11
FNH:8
DA:27,0
DA:28,0
DA:29,0
DA:38,1
DA:39,1
DA:41,1
DA:43,1
DA:44,1
DA:45,6
DA:46,1
DA:48,1
DA:49,1
DA:50,0
DA:52,1
DA:55,1
DA:56,1
DA:57,1
DA:59,1
DA:60,1
DA:61,1
DA:62,1
DA:63,1
DA:64,1
DA:65,3
DA:66,1
DA:68,1
DA:69,1
DA:70,1
DA:71,1
DA:72,1
DA:73,1
DA:74,1
DA:75,1
DA:77,1
DA:78,3
DA:79,1
DA:81,1
DA:82,1
DA:83,0
DA:84,1
DA:86,1
DA:87,1
DA:88,1
DA:89,2
DA:90,0
DA:91,0
DA:92,0
DA:93,0
DA:94,0
DA:95,0
DA:98,1
DA:99,1
DA:100,1
DA:101,1
DA:102,1
DA:103,1
DA:104,1
DA:105,1
DA:107,2
DA:108,1
DA:109,1
DA:110,1
DA:111,3
DA:112,1
DA:113,1
DA:114,1
DA:115,1
DA:116,1
DA:117,1
DA:118,1
DA:119,1
DA:120,1
DA:121,1
DA:122,1
DA:123,1
DA:124,1
DA:125,1
DA:126,1
DA:127,1
DA:128,1
DA:129,1
DA:130,0
DA:131,1
DA:132,0
DA:133,0
DA:135,1
DA:136,1
DA:137,1
DA:138,1
DA:139,1
DA:140,1
DA:141,1
DA:142,1
DA:143,1
DA:147,1
DA:148,1
DA:150,1
DA:151,1
DA:152,1
DA:153,1
DA:154,1
DA:155,1
DA:156,1
DA:157,1
DA:159,1
DA:160,0
DA:161,0
DA:162,0
DA:163,0
DA:164,0
DA:165,0
DA:166,0
DA:167,0
DA:168,0
DA:169,0
DA:170,0
DA:171,0
DA:172,0
DA:173,0
DA:174,0
DA:175,0
DA:176,0
DA:177,0
DA:178,0
DA:179,0
DA:180,0
DA:181,0
DA:182,0
DA:183,0
DA:184,0
DA:185,0
DA:187,0
DA:188,0
DA:189,0
DA:190,0
DA:191,0
DA:192,0
DA:193,0
DA:194,0
DA:195,0
DA:199,1
DA:200,1
DA:212,1
DA:213,1
DA:214,1
DA:215,1
DA:216,1
DA:217,1
DA:218,1
DA:219,1
DA:220,1
DA:221,1
DA:222,1
DA:223,1
DA:224,1
DA:225,1
DA:226,1
DA:227,1
DA:228,1
DA:229,1
DA:230,1
DA:231,1
DA:232,1
DA:233,1
DA:234,1
DA:235,1
DA:236,13
DA:237,1
DA:238,1
DA:239,1
DA:240,1
DA:241,1
DA:242,1
DA:243,1
DA:244,1
DA:245,1
DA:246,1
DA:247,1
DA:248,1
DA:249,1
DA:250,1
DA:251,1
DA:252,1
DA:253,1
DA:254,1
DA:255,1
DA:256,1
BRF:0
BRH:0
LF:232
LH:182
end_of_record
SF:/Users/andrei/git/proposalsapp/apps/detective/indexers/arbitrum_treasury_proposals.rs
FN:93,_RNvXNtNtCsmdD2PK2ogL_9detective8indexers27arbitrum_treasury_proposalsNtB2_32ArbitrumTreasuryProposalsIndexerNtNtB6_7indexer7Indexer17min_refresh_speed
FN:96,_RNvXNtNtCsmdD2PK2ogL_9detective8indexers27arbitrum_treasury_proposalsNtB2_32ArbitrumTreasuryProposalsIndexerNtNtB6_7indexer7Indexer17max_refresh_speed
FN:297,_RNCNvNtNtNtCsmdD2PK2ogL_9detective8indexers27arbitrum_treasury_proposals27arbitrum_treasury_proposalss_19arbitrum_treasury_10B9_
FN:357,_RNCNvNtNtNtCsmdD2PK2ogL_9detective8indexers27arbitrum_treasury_proposals27arbitrum_treasury_proposalss_19arbitrum_treasury_20B9_
FN:440,_RNCNvNtNtNtCsmdD2PK2ogL_9detective8indexers27arbitrum_treasury_proposals27arbitrum_treasury_proposalss_19arbitrum_treasury_30B9_
FN:297,_RNvNtNtNtCsmdD2PK2ogL_9detective8indexers27arbitrum_treasury_proposals27arbitrum_treasury_proposalss_19arbitrum_treasury_1
FN:357,_RNvNtNtNtCsmdD2PK2ogL_9detective8indexers27arbitrum_treasury_proposals27arbitrum_treasury_proposalss_19arbitrum_treasury_2
FN:440,_RNvNtNtNtCsmdD2PK2ogL_9detective8indexers27arbitrum_treasury_proposals27arbitrum_treasury_proposalss_19arbitrum_treasury_3
FN:109,_RNCNvNtNtCsmdD2PK2ogL_9detective8indexers27arbitrum_treasury_proposals17data_for_proposal0B7_
FN:37,_RNCNvXNtNtCsmdD2PK2ogL_9detective8indexers27arbitrum_treasury_proposalsNtB4_32ArbitrumTreasuryProposalsIndexerNtNtB8_7indexer7Indexer7process0B8_
FN:78,_RNCNCNvXNtNtCsmdD2PK2ogL_9detective8indexers27arbitrum_treasury_proposalsNtB6_32ArbitrumTreasuryProposalsIndexerNtNtBa_7indexer7Indexer7process00Ba_
FN:84,_RNCNCNvXNtNtCsmdD2PK2ogL_9detective8indexers27arbitrum_treasury_proposalsNtB6_32ArbitrumTreasuryProposalsIndexerNtNtBa_7indexer7Indexer7process0s_0Ba_
FN:101,_RNvNtNtCsmdD2PK2ogL_9detective8indexers27arbitrum_treasury_proposals17data_for_proposal
FN:92,_RNvXNtNtCsmdD2PK2ogL_9detective8indexers27arbitrum_treasury_proposalsNtB2_32ArbitrumTreasuryProposalsIndexerNtNtB6_7indexer7Indexer7process
FNDA:0,_RNvXNtNtCsmdD2PK2ogL_9detective8indexers27arbitrum_treasury_proposalsNtB2_32ArbitrumTreasuryProposalsIndexerNtNtB6_7indexer7Indexer17min_refresh_speed
FNDA:0,_RNvXNtNtCsmdD2PK2ogL_9detective8indexers27arbitrum_treasury_proposalsNtB2_32ArbitrumTreasuryProposalsIndexerNtNtB6_7indexer7Indexer17max_refresh_speed
FNDA:1,_RNCNvNtNtNtCsmdD2PK2ogL_9detective8indexers27arbitrum_treasury_proposals27arbitrum_treasury_proposalss_19arbitrum_treasury_10B9_
FNDA:1,_RNCNvNtNtNtCsmdD2PK2ogL_9detective8indexers27arbitrum_treasury_proposals27arbitrum_treasury_proposalss_19arbitrum_treasury_20B9_
FNDA:1,_RNCNvNtNtNtCsmdD2PK2ogL_9detective8indexers27arbitrum_treasury_proposals27arbitrum_treasury_proposalss_19arbitrum_treasury_30B9_
FNDA:1,_RNvNtNtNtCsmdD2PK2ogL_9detective8indexers27arbitrum_treasury_proposals27arbitrum_treasury_proposalss_19arbitrum_treasury_1
FNDA:1,_RNvNtNtNtCsmdD2PK2ogL_9detective8indexers27arbitrum_treasury_proposals27arbitrum_treasury_proposalss_19arbitrum_treasury_2
FNDA:1,_RNvNtNtNtCsmdD2PK2ogL_9detective8indexers27arbitrum_treasury_proposals27arbitrum_treasury_proposalss_19arbitrum_treasury_3
FNDA:4,_RNCNvNtNtCsmdD2PK2ogL_9detective8indexers27arbitrum_treasury_proposals17data_for_proposal0B7_
FNDA:3,_RNCNvXNtNtCsmdD2PK2ogL_9detective8indexers27arbitrum_treasury_proposalsNtB4_32ArbitrumTreasuryProposalsIndexerNtNtB8_7indexer7Indexer7process0B8_
FNDA:4,_RNCNCNvXNtNtCsmdD2PK2ogL_9detective8indexers27arbitrum_treasury_proposalsNtB6_32ArbitrumTreasuryProposalsIndexerNtNtBa_7indexer7Indexer7process00Ba_
FNDA:0,_RNCNCNvXNtNtCsmdD2PK2ogL_9detective8indexers27arbitrum_treasury_proposalsNtB6_32ArbitrumTreasuryProposalsIndexerNtNtBa_7indexer7Indexer7process0s_0Ba_
FNDA:4,_RNvNtNtCsmdD2PK2ogL_9detective8indexers27arbitrum_treasury_proposals17data_for_proposal
FNDA:3,_RNvXNtNtCsmdD2PK2ogL_9detective8indexers27arbitrum_treasury_proposalsNtB2_32ArbitrumTreasuryProposalsIndexerNtNtB6_7indexer7Indexer7process
FNF:14
FNH:11
DA:37,3
DA:38,3
DA:40,3
DA:42,3
DA:43,3
DA:44,18
DA:45,3
DA:47,3
DA:48,3
DA:49,0
DA:51,3
DA:54,3
DA:55,3
DA:56,3
DA:58,3
DA:59,3
DA:60,3
DA:61,3
DA:62,3
DA:63,3
DA:64,76
DA:65,3
DA:67,3
DA:69,4
DA:70,4
DA:71,653
DA:72,4
DA:73,4
DA:76,3
DA:77,3
DA:78,4
DA:79,4
DA:80,4
DA:83,4
DA:84,3
DA:85,0
DA:86,0
DA:87,3
DA:88,3
DA:89,3
DA:90,3
DA:91,3
DA:92,6
DA:93,0
DA:94,0
DA:95,0
DA:96,0
DA:97,0
DA:98,0
DA:101,4
DA:102,4
DA:103,4
DA:104,4
DA:105,4
DA:106,4
DA:107,4
DA:108,4
DA:109,4
DA:110,4
DA:112,4
DA:113,4
DA:114,11
DA:115,4
DA:116,4
DA:120,4
DA:121,4
DA:122,4
DA:123,4
DA:124,4
DA:125,4
DA:127,4
DA:128,4
DA:129,4
DA:130,4
DA:132,4
DA:133,4
DA:134,4
DA:135,1
DA:136,3
DA:138,4
DA:140,4
DA:141,316
DA:142,4
DA:144,0
DA:145,0
DA:146,0
DA:147,0
DA:148,0
DA:149,0
DA:150,0
DA:151,0
DA:152,0
DA:155,0
DA:156,0
DA:160,306
DA:161,4
DA:163,0
DA:164,0
DA:165,0
DA:166,0
DA:167,0
DA:168,0
DA:169,0
DA:170,0
DA:171,0
DA:174,0
DA:175,0
DA:179,4
DA:180,4
DA:181,4
DA:182,4
DA:183,4
DA:184,4
DA:185,4
DA:186,4
DA:187,4
DA:188,4
DA:189,4
DA:190,4
DA:191,4
DA:193,4
DA:194,0
DA:195,4
DA:197,4
DA:198,4
DA:199,4
DA:200,4
DA:201,4
DA:202,4
DA:204,4
DA:205,4
DA:206,4
DA:207,4
DA:208,4
DA:210,4
DA:211,4
DA:212,4
DA:213,4
DA:214,4
DA:215,4
DA:216,4
DA:217,4
DA:218,4
DA:219,4
DA:220,4
DA:221,4
DA:223,4
DA:224,4
DA:225,4
DA:226,4
DA:227,4
DA:230,4
DA:231,4
DA:232,0
DA:235,4
DA:236,4
DA:237,4
DA:238,4
DA:239,4
DA:242,4
DA:243,0
DA:244,0
DA:245,0
DA:246,1
DA:247,0
DA:248,0
DA:249,0
DA:250,3
DA:251,0
DA:254,4
DA:255,4
DA:256,4
DA:257,4
DA:258,4
DA:259,4
DA:260,4
DA:261,4
DA:262,4
DA:263,4
DA:264,4
DA:265,4
DA:266,4
DA:267,4
DA:268,4
DA:269,4
DA:270,4
DA:271,4
DA:272,4
DA:273,4
DA:274,4
DA:275,4
DA:276,4
DA:277,4
DA:278,4
DA:279,4
DA:280,4
DA:281,4
DA:282,4
DA:283,4
DA:284,4
DA:285,4
DA:297,1
DA:298,1
DA:299,1
DA:300,1
DA:301,1
DA:302,1
DA:303,1
DA:304,1
DA:305,1
DA:306,1
DA:307,1
DA:308,1
DA:309,1
DA:310,1
DA:311,1
DA:312,1
DA:313,1
DA:314,1
DA:315,1
DA:316,1
DA:317,1
DA:318,1
DA:319,1
DA:320,1
DA:321,1
DA:322,1
DA:323,235
DA:324,1
DA:325,1
DA:326,1
DA:327,1
DA:328,1
DA:329,1
DA:330,1
DA:331,1
DA:332,1
DA:333,1
DA:334,1
DA:335,1
DA:336,1
DA:337,1
DA:338,1
DA:339,1
DA:340,1
DA:341,1
DA:342,1
DA:343,1
DA:344,1
DA:345,1
DA:346,1
DA:347,1
DA:348,1
DA:349,1
DA:350,1
DA:351,1
DA:352,1
DA:353,1
DA:354,1
DA:357,1
DA:358,1
DA:359,1
DA:360,1
DA:361,1
DA:362,1
DA:363,1
DA:364,1
DA:365,1
DA:366,1
DA:367,1
DA:368,1
DA:369,1
DA:370,1
DA:371,1
DA:372,1
DA:373,1
DA:374,1
DA:375,1
DA:376,1
DA:377,1
DA:378,1
DA:379,1
DA:380,1
DA:381,1
DA:382,1
DA:383,340
DA:384,1
DA:385,1
DA:386,1
DA:387,1
DA:388,1
DA:389,1
DA:390,1
DA:391,1
DA:392,1
DA:393,1
DA:394,1
DA:395,1
DA:396,1
DA:397,1
DA:398,1
DA:399,1
DA:400,1
DA:401,1
DA:402,1
DA:403,1
DA:404,1
DA:405,1
DA:406,1
DA:407,1
DA:408,1
DA:409,1
DA:410,1
DA:411,1
DA:412,1
DA:413,1
DA:414,1
DA:415,1
DA:416,1
DA:417,1
DA:418,1
DA:419,1
DA:420,1
DA:421,1
DA:422,1
DA:423,1
DA:424,1
DA:425,1
DA:426,1
DA:427,1
DA:428,1
DA:429,1
DA:430,1
DA:431,2
DA:432,2
DA:433,2
DA:434,1
DA:435,1
DA:436,1
DA:437,1
DA:440,1
DA:441,1
DA:442,1
DA:443,1
DA:444,1
DA:445,1
DA:446,1
DA:447,1
DA:448,1
DA:449,1
DA:450,1
DA:451,1
DA:452,1
DA:453,1
DA:454,1
DA:455,1
DA:456,1
DA:457,1
DA:458,1
DA:459,1
DA:460,1
DA:461,1
DA:462,1
DA:463,1
DA:464,1
DA:465,1
DA:466,172
DA:467,1
DA:468,1
DA:469,1
DA:470,1
DA:471,1
DA:472,1
DA:473,1
DA:474,1
DA:475,1
DA:476,1
DA:477,1
DA:478,1
DA:479,1
DA:480,1
DA:481,1
DA:482,1
DA:483,1
DA:484,1
DA:485,1
DA:486,1
DA:487,1
DA:488,1
DA:489,1
DA:490,1
DA:491,1
DA:492,1
DA:493,1
DA:494,1
DA:495,1
DA:496,1
DA:497,1
BRF:0
BRH:0
LF:589
LH:544
end_of_record
SF:/Users/andrei/git/proposalsapp/apps/detective/indexers/arbitrum_treasury_votes.rs
FN:27,_RNvMNtNtCsmdD2PK2ogL_9detective8indexers23arbitrum_treasury_votesNtB2_28ArbitrumTreasuryVotesIndexer24proposal_indexer_variant
FN:89,_RNvXs_NtNtCsmdD2PK2ogL_9detective8indexers23arbitrum_treasury_votesNtB4_28ArbitrumTreasuryVotesIndexerNtNtB8_7indexer7Indexer17min_refresh_speed
FN:92,_RNvXs_NtNtCsmdD2PK2ogL_9detective8indexers23arbitrum_treasury_votesNtB4_28ArbitrumTreasuryVotesIndexerNtNtB8_7indexer7Indexer17max_refresh_speed
FN:101,_RNCNvNtNtCsmdD2PK2ogL_9detective8indexers23arbitrum_treasury_votes9get_votes0B7_
FN:153,_RNCNvNtNtCsmdD2PK2ogL_9detective8indexers23arbitrum_treasury_votes21get_votes_with_params0B7_
FN:38,_RNCNvXs_NtNtCsmdD2PK2ogL_9detective8indexers23arbitrum_treasury_votesNtB6_28ArbitrumTreasuryVotesIndexerNtNtBa_7indexer7Indexer7process0Ba_
FN:211,_RNCNvNtNtNtCsmdD2PK2ogL_9detective8indexers23arbitrum_treasury_votes23arbitrum_treasury_votess_19arbitrum_treasury_10B9_
FN:211,_RNvNtNtNtCsmdD2PK2ogL_9detective8indexers23arbitrum_treasury_votes23arbitrum_treasury_votess_19arbitrum_treasury_1
FN:97,_RNvNtNtCsmdD2PK2ogL_9detective8indexers23arbitrum_treasury_votes9get_votes
FN:149,_RNvNtNtCsmdD2PK2ogL_9detective8indexers23arbitrum_treasury_votes21get_votes_with_params
FN:88,_RNvXs_NtNtCsmdD2PK2ogL_9detective8indexers23arbitrum_treasury_votesNtB4_28ArbitrumTreasuryVotesIndexerNtNtB8_7indexer7Indexer7process
FNDA:0,_RNvMNtNtCsmdD2PK2ogL_9detective8indexers23arbitrum_treasury_votesNtB2_28ArbitrumTreasuryVotesIndexer24proposal_indexer_variant
FNDA:0,_RNvXs_NtNtCsmdD2PK2ogL_9detective8indexers23arbitrum_treasury_votesNtB4_28ArbitrumTreasuryVotesIndexerNtNtB8_7indexer7Indexer17min_refresh_speed
FNDA:0,_RNvXs_NtNtCsmdD2PK2ogL_9detective8indexers23arbitrum_treasury_votesNtB4_28ArbitrumTreasuryVotesIndexerNtNtB8_7indexer7Indexer17max_refresh_speed
FNDA:1,_RNCNvNtNtCsmdD2PK2ogL_9detective8indexers23arbitrum_treasury_votes9get_votes0B7_
FNDA:1,_RNCNvNtNtCsmdD2PK2ogL_9detective8indexers23arbitrum_treasury_votes21get_votes_with_params0B7_
FNDA:1,_RNCNvXs_NtNtCsmdD2PK2ogL_9detective8indexers23arbitrum_treasury_votesNtB6_28ArbitrumTreasuryVotesIndexerNtNtBa_7indexer7Indexer7process0Ba_
FNDA:1,_RNCNvNtNtNtCsmdD2PK2ogL_9detective8indexers23arbitrum_treasury_votes23arbitrum_treasury_votess_19arbitrum_treasury_10B9_
FNDA:1,_RNvNtNtNtCsmdD2PK2ogL_9detective8indexers23arbitrum_treasury_votes23arbitrum_treasury_votess_19arbitrum_treasury_1
FNDA:1,_RNvNtNtCsmdD2PK2ogL_9detective8indexers23arbitrum_treasury_votes9get_votes
FNDA:1,_RNvNtNtCsmdD2PK2ogL_9detective8indexers23arbitrum_treasury_votes21get_votes_with_params
FNDA:1,_RNvXs_NtNtCsmdD2PK2ogL_9detective8indexers23arbitrum_treasury_votesNtB4_28ArbitrumTreasuryVotesIndexerNtNtB8_7indexer7Indexer7process
FNF:11
FNH:8
DA:27,0
DA:28,0
DA:29,0
DA:38,1
DA:39,1
DA:41,1
DA:42,1
DA:43,1
DA:44,6
DA:45,1
DA:47,1
DA:48,1
DA:49,0
DA:51,1
DA:54,1
DA:55,1
DA:56,1
DA:58,1
DA:59,1
DA:60,1
DA:61,1
DA:62,1
DA:63,1
DA:64,2
DA:65,1
DA:67,1
DA:68,1
DA:69,1
DA:70,1
DA:71,1
DA:72,1
DA:73,1
DA:74,1
DA:76,1
DA:77,3
DA:78,1
DA:80,1
DA:81,1
DA:82,0
DA:83,1
DA:85,1
DA:86,1
DA:87,1
DA:88,2
DA:89,0
DA:90,0
DA:91,0
DA:92,0
DA:93,0
DA:94,0
DA:97,1
DA:98,1
DA:99,1
DA:100,1
DA:101,1
DA:102,1
DA:103,1
DA:104,1
DA:106,2
DA:107,1
DA:108,1
DA:109,1
DA:110,3
DA:111,1
DA:112,1
DA:113,1
DA:114,1
DA:115,1
DA:116,1
DA:117,1
DA:118,1
DA:119,1
DA:120,1
DA:121,1
DA:122,1
DA:123,1
DA:124,1
DA:125,1
DA:126,1
DA:127,1
DA:128,1
DA:129,1
DA:130,0
DA:131,0
DA:132,0
DA:134,1
DA:135,1
DA:136,1
DA:137,1
DA:138,1
DA:139,1
DA:140,1
DA:141,1
DA:142,1
DA:146,1
DA:147,1
DA:149,1
DA:150,1
DA:151,1
DA:152,1
DA:153,1
DA:154,1
DA:155,1
DA:156,1
DA:158,1
DA:159,0
DA:160,0
DA:161,0
DA:162,0
DA:163,0
DA:164,0
DA:165,0
DA:166,0
DA:167,0
DA:168,0
DA:169,0
DA:170,0
DA:171,0
DA:172,0
DA:173,0
DA:174,0
DA:175,0
DA:176,0
DA:177,0
DA:178,0
DA:179,0
DA:180,0
DA:181,0
DA:182,0
DA:183,0
DA:184,0
DA:186,0
DA:187,0
DA:188,0
DA:189,0
DA:190,0
DA:191,0
DA:192,0
DA:193,0
DA:194,0
DA:198,1
DA:199,1
DA:211,1
DA:212,1
DA:213,1
DA:214,1
DA:215,1
DA:216,1
DA:217,1
DA:218,1
DA:219,1
DA:220,1
DA:221,1
DA:222,1
DA:223,1
DA:224,1
DA:225,1
DA:226,1
DA:227,1
DA:228,1
DA:229,1
DA:230,1
DA:231,1
DA:232,1
DA:233,1
DA:234,1
DA:235,12
DA:236,1
DA:237,1
DA:238,1
DA:239,1
DA:240,1
DA:241,1
DA:242,1
DA:243,1
DA:244,1
DA:245,1
DA:246,1
DA:247,1
DA:248,1
DA:249,1
DA:250,1
DA:251,1
DA:252,1
DA:253,1
DA:254,1
DA:255,1
BRF:0
BRH:0
LF:232
LH:182
end_of_record
SF:/Users/andrei/git/proposalsapp/apps/detective/indexers/compound_mainnet_proposals.rs
FN:93,_RNvXNtNtCsmdD2PK2ogL_9detective8indexers26compound_mainnet_proposalsNtB2_31CompoundMainnetProposalsIndexerNtNtB6_7indexer7Indexer17min_refresh_speed
FN:96,_RNvXNtNtCsmdD2PK2ogL_9detective8indexers26compound_mainnet_proposalsNtB2_31CompoundMainnetProposalsIndexerNtNtB6_7indexer7Indexer17max_refresh_speed
FN:101,_RNvNtNtCsmdD2PK2ogL_9detective8indexers26compound_mainnet_proposals17data_for_proposal
FN:92,_RNvXNtNtCsmdD2PK2ogL_9detective8indexers26compound_mainnet_proposalsNtB2_31CompoundMainnetProposalsIndexerNtNtB6_7indexer7Indexer7process
FN:106,_RNCNvNtNtCsmdD2PK2ogL_9detective8indexers26compound_mainnet_proposals17data_for_proposal0B7_
FN:218,_RNCNCNvNtNtCsmdD2PK2ogL_9detective8indexers26compound_mainnet_proposals17data_for_proposal00B9_
FN:37,_RNCNvXNtNtCsmdD2PK2ogL_9detective8indexers26compound_mainnet_proposalsNtB4_31CompoundMainnetProposalsIndexerNtNtB8_7indexer7Indexer7process0B8_
FN:78,_RNCNCNvXNtNtCsmdD2PK2ogL_9detective8indexers26compound_mainnet_proposalsNtB6_31CompoundMainnetProposalsIndexerNtNtBa_7indexer7Indexer7process00Ba_
FN:84,_RNCNCNvXNtNtCsmdD2PK2ogL_9detective8indexers26compound_mainnet_proposalsNtB6_31CompoundMainnetProposalsIndexerNtNtBa_7indexer7Indexer7process0s_0Ba_
FN:274,_RNvNtNtNtCsmdD2PK2ogL_9detective8indexers26compound_mainnet_proposals26compound_mainnet_proposalss_10compound_1
FN:334,_RNvNtNtNtCsmdD2PK2ogL_9detective8indexers26compound_mainnet_proposals26compound_mainnet_proposalss_10compound_2
FN:417,_RNvNtNtNtCsmdD2PK2ogL_9detective8indexers26compound_mainnet_proposals26compound_mainnet_proposalss_10compound_3
FN:274,_RNCNvNtNtNtCsmdD2PK2ogL_9detective8indexers26compound_mainnet_proposals26compound_mainnet_proposalss_10compound_10B9_
FN:334,_RNCNvNtNtNtCsmdD2PK2ogL_9detective8indexers26compound_mainnet_proposals26compound_mainnet_proposalss_10compound_20B9_
FN:417,_RNCNvNtNtNtCsmdD2PK2ogL_9detective8indexers26compound_mainnet_proposals26compound_mainnet_proposalss_10compound_30B9_
FNDA:0,_RNvXNtNtCsmdD2PK2ogL_9detective8indexers26compound_mainnet_proposalsNtB2_31CompoundMainnetProposalsIndexerNtNtB6_7indexer7Indexer17min_refresh_speed
FNDA:0,_RNvXNtNtCsmdD2PK2ogL_9detective8indexers26compound_mainnet_proposalsNtB2_31CompoundMainnetProposalsIndexerNtNtB6_7indexer7Indexer17max_refresh_speed
FNDA:4,_RNvNtNtCsmdD2PK2ogL_9detective8indexers26compound_mainnet_proposals17data_for_proposal
FNDA:3,_RNvXNtNtCsmdD2PK2ogL_9detective8indexers26compound_mainnet_proposalsNtB2_31CompoundMainnetProposalsIndexerNtNtB6_7indexer7Indexer7process
FNDA:4,_RNCNvNtNtCsmdD2PK2ogL_9detective8indexers26compound_mainnet_proposals17data_for_proposal0B7_
FNDA:4,_RNCNCNvNtNtCsmdD2PK2ogL_9detective8indexers26compound_mainnet_proposals17data_for_proposal00B9_
FNDA:3,_RNCNvXNtNtCsmdD2PK2ogL_9detective8indexers26compound_mainnet_proposalsNtB4_31CompoundMainnetProposalsIndexerNtNtB8_7indexer7Indexer7process0B8_
FNDA:4,_RNCNCNvXNtNtCsmdD2PK2ogL_9detective8indexers26compound_mainnet_proposalsNtB6_31CompoundMainnetProposalsIndexerNtNtBa_7indexer7Indexer7process00Ba_
FNDA:0,_RNCNCNvXNtNtCsmdD2PK2ogL_9detective8indexers26compound_mainnet_proposalsNtB6_31CompoundMainnetProposalsIndexerNtNtBa_7indexer7Indexer7process0s_0Ba_
FNDA:1,_RNvNtNtNtCsmdD2PK2ogL_9detective8indexers26compound_mainnet_proposals26compound_mainnet_proposalss_10compound_1
FNDA:1,_RNvNtNtNtCsmdD2PK2ogL_9detective8indexers26compound_mainnet_proposals26compound_mainnet_proposalss_10compound_2
FNDA:1,_RNvNtNtNtCsmdD2PK2ogL_9detective8indexers26compound_mainnet_proposals26compound_mainnet_proposalss_10compound_3
FNDA:1,_RNCNvNtNtNtCsmdD2PK2ogL_9detective8indexers26compound_mainnet_proposals26compound_mainnet_proposalss_10compound_10B9_
FNDA:1,_RNCNvNtNtNtCsmdD2PK2ogL_9detective8indexers26compound_mainnet_proposals26compound_mainnet_proposalss_10compound_20B9_
FNDA:1,_RNCNvNtNtNtCsmdD2PK2ogL_9detective8indexers26compound_mainnet_proposals26compound_mainnet_proposalss_10compound_30B9_
FNF:15
FNH:12
DA:37,3
DA:38,3
DA:40,3
DA:42,3
DA:43,3
DA:44,18
DA:45,3
DA:47,3
DA:48,3
DA:49,0
DA:51,3
DA:54,3
DA:55,3
DA:56,3
DA:58,3
DA:59,3
DA:60,3
DA:61,3
DA:62,3
DA:63,3
DA:64,31
DA:65,3
DA:67,3
DA:69,4
DA:70,4
DA:71,661
DA:72,4
DA:73,4
DA:76,3
DA:77,3
DA:78,4
DA:79,4
DA:80,4
DA:83,4
DA:84,3
DA:85,0
DA:86,0
DA:87,3
DA:88,3
DA:89,3
DA:90,3
DA:91,3
DA:92,6
DA:93,0
DA:94,0
DA:95,0
DA:96,0
DA:97,0
DA:98,0
DA:101,4
DA:102,4
DA:103,4
DA:104,4
DA:105,4
DA:106,4
DA:107,4
DA:109,4
DA:110,4
DA:111,40
DA:112,4
DA:113,4
DA:114,4
DA:115,4
DA:116,4
DA:117,4
DA:118,4
DA:119,4
DA:120,4
DA:121,4
DA:122,4
DA:124,260
DA:125,4
DA:127,0
DA:128,0
DA:129,0
DA:130,0
DA:131,0
DA:132,0
DA:133,0
DA:134,0
DA:135,0
DA:138,0
DA:139,0
DA:143,349
DA:144,4
DA:146,0
DA:147,0
DA:148,0
DA:149,0
DA:150,0
DA:151,0
DA:152,0
DA:153,0
DA:154,0
DA:157,0
DA:158,0
DA:162,4
DA:163,4
DA:164,4
DA:166,4
DA:167,4
DA:168,4
DA:169,4
DA:170,4
DA:172,4
DA:173,4
DA:174,4
DA:175,4
DA:176,4
DA:177,4
DA:178,4
DA:179,4
DA:180,4
DA:181,4
DA:182,4
DA:183,4
DA:184,4
DA:186,4
DA:187,0
DA:188,4
DA:190,4
DA:191,4
DA:192,4
DA:193,4
DA:194,4
DA:195,4
DA:196,4
DA:197,4
DA:198,4
DA:199,4
DA:200,4
DA:201,4
DA:202,4
DA:204,4
DA:205,4
DA:206,4
DA:207,4
DA:208,4
DA:210,4
DA:211,4
DA:213,4
DA:214,4
DA:215,4
DA:216,4
DA:217,4
DA:218,4
DA:219,4
DA:221,4
DA:222,0
DA:223,0
DA:224,0
DA:225,1
DA:226,0
DA:227,0
DA:228,0
DA:229,3
DA:230,0
DA:233,4
DA:234,4
DA:235,4
DA:236,4
DA:237,4
DA:238,4
DA:239,4
DA:240,4
DA:241,4
DA:242,4
DA:243,4
DA:244,4
DA:245,4
DA:246,4
DA:247,4
DA:248,4
DA:249,4
DA:250,4
DA:251,4
DA:252,4
DA:253,4
DA:254,4
DA:255,4
DA:256,4
DA:257,4
DA:258,4
DA:259,4
DA:260,4
DA:261,4
DA:262,4
DA:274,1
DA:275,1
DA:276,1
DA:277,1
DA:278,1
DA:279,1
DA:280,1
DA:281,1
DA:282,1
DA:283,1
DA:284,1
DA:285,1
DA:286,1
DA:287,1
DA:288,1
DA:289,1
DA:290,1
DA:291,1
DA:292,1
DA:293,1
DA:294,1
DA:295,1
DA:296,1
DA:297,1
DA:298,1
DA:299,1
DA:300,162
DA:301,1
DA:302,1
DA:303,1
DA:304,1
DA:305,1
DA:306,1
DA:307,1
DA:308,1
DA:309,1
DA:310,1
DA:311,1
DA:312,1
DA:313,1
DA:314,1
DA:315,1
DA:316,1
DA:317,1
DA:318,1
DA:319,1
DA:320,1
DA:321,1
DA:322,1
DA:323,1
DA:324,1
DA:325,1
DA:326,1
DA:327,1
DA:328,1
DA:329,1
DA:330,1
DA:331,1
DA:334,1
DA:335,1
DA:336,1
DA:337,1
DA:338,1
DA:339,1
DA:340,1
DA:341,1
DA:342,1
DA:343,1
DA:344,1
DA:345,1
DA:346,1
DA:347,1
DA:348,1
DA:349,1
DA:350,1
DA:351,1
DA:352,1
DA:353,1
DA:354,1
DA:355,1
DA:356,1
DA:357,1
DA:358,1
DA:359,1
DA:360,382
DA:361,1
DA:362,1
DA:363,1
DA:364,1
DA:365,1
DA:366,1
DA:367,1
DA:368,1
DA:369,1
DA:370,1
DA:371,1
DA:372,1
DA:373,1
DA:374,1
DA:375,1
DA:376,1
DA:377,1
DA:378,1
DA:379,1
DA:380,1
DA:381,1
DA:382,1
DA:383,1
DA:384,1
DA:385,1
DA:386,1
DA:387,1
DA:388,1
DA:389,1
DA:390,1
DA:391,1
DA:392,1
DA:393,1
DA:394,1
DA:395,1
DA:396,1
DA:397,1
DA:398,1
DA:399,1
DA:400,1
DA:401,1
DA:402,1
DA:403,1
DA:404,1
DA:405,1
DA:406,1
DA:407,1
DA:408,2
DA:409,2
DA:410,2
DA:411,1
DA:412,1
DA:413,1
DA:414,1
DA:417,1
DA:418,1
DA:419,1
DA:420,1
DA:421,1
DA:422,1
DA:423,1
DA:424,1
DA:425,1
DA:426,1
DA:427,1
DA:428,1
DA:429,1
DA:430,1
DA:431,1
DA:432,1
DA:433,1
DA:434,1
DA:435,1
DA:436,1
DA:437,1
DA:438,1
DA:439,1
DA:440,1
DA:441,1
DA:442,1
DA:443,166
DA:444,1
DA:445,1
DA:446,1
DA:447,1
DA:448,1
DA:449,1
DA:450,1
DA:451,1
DA:452,1
DA:453,1
DA:454,1
DA:455,1
DA:456,1
DA:457,1
DA:458,1
DA:459,1
DA:460,1
DA:461,1
DA:462,1
DA:463,1
DA:464,1
DA:465,1
DA:466,1
DA:467,1
DA:468,1
DA:469,1
DA:470,1
DA:471,1
DA:472,1
DA:473,1
DA:474,1
BRF:0
BRH:0
LF:576
LH:532
end_of_record
SF:/Users/andrei/git/proposalsapp/apps/detective/indexers/compound_mainnet_votes.rs
FN:27,_RNvMNtNtCsmdD2PK2ogL_9detective8indexers22compound_mainnet_votesNtB2_27CompoundMainnetVotesIndexer24proposal_indexer_variant
FN:74,_RNvXs_NtNtCsmdD2PK2ogL_9detective8indexers22compound_mainnet_votesNtB4_27CompoundMainnetVotesIndexerNtNtB8_7indexer7Indexer17min_refresh_speed
FN:77,_RNvXs_NtNtCsmdD2PK2ogL_9detective8indexers22compound_mainnet_votesNtB4_27CompoundMainnetVotesIndexerNtNtB8_7indexer7Indexer17max_refresh_speed
FN:82,_RNvNtNtCsmdD2PK2ogL_9detective8indexers22compound_mainnet_votes9get_votes
FN:73,_RNvXs_NtNtCsmdD2PK2ogL_9detective8indexers22compound_mainnet_votesNtB4_27CompoundMainnetVotesIndexerNtNtB8_7indexer7Indexer7process
FN:86,_RNCNvNtNtCsmdD2PK2ogL_9detective8indexers22compound_mainnet_votes9get_votes0B7_
FN:38,_RNCNvXs_NtNtCsmdD2PK2ogL_9detective8indexers22compound_mainnet_votesNtB6_27CompoundMainnetVotesIndexerNtNtBa_7indexer7Indexer7process0Ba_
FN:144,_RNvNtNtNtCsmdD2PK2ogL_9detective8indexers22compound_mainnet_votes22compound_mainnet_votess_18compound_mainnet_1
FN:144,_RNCNvNtNtNtCsmdD2PK2ogL_9detective8indexers22compound_mainnet_votes22compound_mainnet_votess_18compound_mainnet_10B9_
FNDA:0,_RNvMNtNtCsmdD2PK2ogL_9detective8indexers22compound_mainnet_votesNtB2_27CompoundMainnetVotesIndexer24proposal_indexer_variant
FNDA:0,_RNvXs_NtNtCsmdD2PK2ogL_9detective8indexers22compound_mainnet_votesNtB4_27CompoundMainnetVotesIndexerNtNtB8_7indexer7Indexer17min_refresh_speed
FNDA:0,_RNvXs_NtNtCsmdD2PK2ogL_9detective8indexers22compound_mainnet_votesNtB4_27CompoundMainnetVotesIndexerNtNtB8_7indexer7Indexer17max_refresh_speed
FNDA:1,_RNvNtNtCsmdD2PK2ogL_9detective8indexers22compound_mainnet_votes9get_votes
FNDA:1,_RNvXs_NtNtCsmdD2PK2ogL_9detective8indexers22compound_mainnet_votesNtB4_27CompoundMainnetVotesIndexerNtNtB8_7indexer7Indexer7process
FNDA:1,_RNCNvNtNtCsmdD2PK2ogL_9detective8indexers22compound_mainnet_votes9get_votes0B7_
FNDA:1,_RNCNvXs_NtNtCsmdD2PK2ogL_9detective8indexers22compound_mainnet_votesNtB6_27CompoundMainnetVotesIndexerNtNtBa_7indexer7Indexer7process0Ba_
FNDA:1,_RNvNtNtNtCsmdD2PK2ogL_9detective8indexers22compound_mainnet_votes22compound_mainnet_votess_18compound_mainnet_1
FNDA:1,_RNCNvNtNtNtCsmdD2PK2ogL_9detective8indexers22compound_mainnet_votes22compound_mainnet_votess_18compound_mainnet_10B9_
FNF:9
FNH:6
DA:27,0
DA:28,0
DA:29,0
DA:38,1
DA:39,1
DA:41,1
DA:43,1
DA:44,1
DA:45,6
DA:46,1
DA:48,1
DA:49,1
DA:50,0
DA:52,1
DA:55,1
DA:56,1
DA:57,1
DA:59,1
DA:60,1
DA:61,1
DA:62,1
DA:63,1
DA:64,1
DA:65,1
DA:66,1
DA:68,1
DA:69,15
DA:70,1
DA:72,1
DA:73,2
DA:74,0
DA:75,0
DA:76,0
DA:77,0
DA:78,0
DA:79,0
DA:82,1
DA:83,1
DA:84,1
DA:85,1
DA:86,1
DA:87,1
DA:88,1
DA:89,1
DA:91,2
DA:92,1
DA:93,1
DA:94,1
DA:95,15
DA:96,1
DA:97,1
DA:98,1
DA:99,1
DA:100,1
DA:101,1
DA:102,1
DA:103,1
DA:104,1
DA:105,1
DA:106,1
DA:107,1
DA:108,1
DA:109,1
DA:110,1
DA:111,0
DA:112,1
DA:113,0
DA:114,0
DA:116,1
DA:117,1
DA:118,1
DA:119,1
DA:120,1
DA:121,1
DA:122,1
DA:123,1
DA:124,1
DA:125,1
DA:126,1
DA:127,1
DA:131,1
DA:132,1
DA:144,1
DA:145,1
DA:146,1
DA:147,1
DA:148,1
DA:149,1
DA:150,1
DA:151,1
DA:152,1
DA:153,1
DA:154,1
DA:155,1
DA:156,1
DA:157,1
DA:158,1
DA:159,1
DA:160,1
DA:161,1
DA:162,1
DA:163,1
DA:164,1
DA:165,1
DA:166,1
DA:167,1
DA:168,22
DA:169,1
DA:170,1
DA:171,1
DA:172,1
DA:173,1
DA:174,1
DA:175,1
DA:176,1
DA:177,1
DA:178,1
DA:179,1
DA:180,1
DA:181,1
DA:182,1
DA:183,1
DA:184,1
DA:185,1
DA:186,1
DA:187,1
DA:188,1
DA:189,1
DA:190,1
BRF:0
BRH:0
LF:175
LH:161
end_of_record
SF:/Users/andrei/git/proposalsapp/apps/detective/indexers/dydx_mainnet_proposals.rs
FN:108,_RNvXNtNtCsmdD2PK2ogL_9detective8indexers22dydx_mainnet_proposalsNtB2_27DydxMainnetProposalsIndexerNtNtB6_7indexer7Indexer17min_refresh_speed
FN:111,_RNvXNtNtCsmdD2PK2ogL_9detective8indexers22dydx_mainnet_proposalsNtB2_27DydxMainnetProposalsIndexerNtNtB6_7indexer7Indexer17max_refresh_speed
FN:116,_RNvNtNtCsmdD2PK2ogL_9detective8indexers22dydx_mainnet_proposals17data_for_proposal
FN:291,_RNvNtNtCsmdD2PK2ogL_9detective8indexers22dydx_mainnet_proposals9get_title
FN:361,_RNvNtNtCsmdD2PK2ogL_9detective8indexers22dydx_mainnet_proposals14get_discussion
FN:434,_RNvNtNtCsmdD2PK2ogL_9detective8indexers22dydx_mainnet_proposals8get_body
FN:107,_RNvXNtNtCsmdD2PK2ogL_9detective8indexers22dydx_mainnet_proposalsNtB2_27DydxMainnetProposalsIndexerNtNtB6_7indexer7Indexer7process
FN:483,_RNCNvNtNtNtCsmdD2PK2ogL_9detective8indexers22dydx_mainnet_proposals22dydx_mainnet_proposalss_6dydx_10B9_
FN:540,_RNCNvNtNtNtCsmdD2PK2ogL_9detective8indexers22dydx_mainnet_proposals22dydx_mainnet_proposalss_6dydx_20B9_
FN:121,_RNCNvNtNtCsmdD2PK2ogL_9detective8indexers22dydx_mainnet_proposals17data_for_proposal0B7_
FN:190,_RNCNCNvNtNtCsmdD2PK2ogL_9detective8indexers22dydx_mainnet_proposals17data_for_proposal00B9_
FN:247,_RNCNCNvNtNtCsmdD2PK2ogL_9detective8indexers22dydx_mainnet_proposals17data_for_proposal0s_0B9_
FN:291,_RNCNvNtNtCsmdD2PK2ogL_9detective8indexers22dydx_mainnet_proposals9get_title0B7_
FN:361,_RNCNvNtNtCsmdD2PK2ogL_9detective8indexers22dydx_mainnet_proposals14get_discussion0B7_
FN:434,_RNCNvNtNtCsmdD2PK2ogL_9detective8indexers22dydx_mainnet_proposals8get_body0B7_
FN:52,_RNCNvXNtNtCsmdD2PK2ogL_9detective8indexers22dydx_mainnet_proposalsNtB4_27DydxMainnetProposalsIndexerNtNtB8_7indexer7Indexer7process0B8_
FN:93,_RNCNCNvXNtNtCsmdD2PK2ogL_9detective8indexers22dydx_mainnet_proposalsNtB6_27DydxMainnetProposalsIndexerNtNtBa_7indexer7Indexer7process00Ba_
FN:99,_RNCNCNvXNtNtCsmdD2PK2ogL_9detective8indexers22dydx_mainnet_proposalsNtB6_27DydxMainnetProposalsIndexerNtNtBa_7indexer7Indexer7process0s_0Ba_
FN:483,_RNvNtNtNtCsmdD2PK2ogL_9detective8indexers22dydx_mainnet_proposals22dydx_mainnet_proposalss_6dydx_1
FN:540,_RNvNtNtNtCsmdD2PK2ogL_9detective8indexers22dydx_mainnet_proposals22dydx_mainnet_proposalss_6dydx_2
FNDA:0,_RNvXNtNtCsmdD2PK2ogL_9detective8indexers22dydx_mainnet_proposalsNtB2_27DydxMainnetProposalsIndexerNtNtB6_7indexer7Indexer17min_refresh_speed
FNDA:0,_RNvXNtNtCsmdD2PK2ogL_9detective8indexers22dydx_mainnet_proposalsNtB2_27DydxMainnetProposalsIndexerNtNtB6_7indexer7Indexer17max_refresh_speed
FNDA:3,_RNvNtNtCsmdD2PK2ogL_9detective8indexers22dydx_mainnet_proposals17data_for_proposal
FNDA:3,_RNvNtNtCsmdD2PK2ogL_9detective8indexers22dydx_mainnet_proposals9get_title
FNDA:3,_RNvNtNtCsmdD2PK2ogL_9detective8indexers22dydx_mainnet_proposals14get_discussion
FNDA:3,_RNvNtNtCsmdD2PK2ogL_9detective8indexers22dydx_mainnet_proposals8get_body
FNDA:2,_RNvXNtNtCsmdD2PK2ogL_9detective8indexers22dydx_mainnet_proposalsNtB2_27DydxMainnetProposalsIndexerNtNtB6_7indexer7Indexer7process
FNDA:1,_RNCNvNtNtNtCsmdD2PK2ogL_9detective8indexers22dydx_mainnet_proposals22dydx_mainnet_proposalss_6dydx_10B9_
FNDA:1,_RNCNvNtNtNtCsmdD2PK2ogL_9detective8indexers22dydx_mainnet_proposals22dydx_mainnet_proposalss_6dydx_20B9_
FNDA:3,_RNCNvNtNtCsmdD2PK2ogL_9detective8indexers22dydx_mainnet_proposals17data_for_proposal0B7_
FNDA:3,_RNCNCNvNtNtCsmdD2PK2ogL_9detective8indexers22dydx_mainnet_proposals17data_for_proposal00B9_
FNDA:3,_RNCNCNvNtNtCsmdD2PK2ogL_9detective8indexers22dydx_mainnet_proposals17data_for_proposal0s_0B9_
FNDA:3,_RNCNvNtNtCsmdD2PK2ogL_9detective8indexers22dydx_mainnet_proposals9get_title0B7_
FNDA:3,_RNCNvNtNtCsmdD2PK2ogL_9detective8indexers22dydx_mainnet_proposals14get_discussion0B7_
FNDA:3,_RNCNvNtNtCsmdD2PK2ogL_9detective8indexers22dydx_mainnet_proposals8get_body0B7_
FNDA:2,_RNCNvXNtNtCsmdD2PK2ogL_9detective8indexers22dydx_mainnet_proposalsNtB4_27DydxMainnetProposalsIndexerNtNtB8_7indexer7Indexer7process0B8_
FNDA:3,_RNCNCNvXNtNtCsmdD2PK2ogL_9detective8indexers22dydx_mainnet_proposalsNtB6_27DydxMainnetProposalsIndexerNtNtBa_7indexer7Indexer7process00Ba_
FNDA:0,_RNCNCNvXNtNtCsmdD2PK2ogL_9detective8indexers22dydx_mainnet_proposalsNtB6_27DydxMainnetProposalsIndexerNtNtBa_7indexer7Indexer7process0s_0Ba_
FNDA:1,_RNvNtNtNtCsmdD2PK2ogL_9detective8indexers22dydx_mainnet_proposals22dydx_mainnet_proposalss_6dydx_1
FNDA:1,_RNvNtNtNtCsmdD2PK2ogL_9detective8indexers22dydx_mainnet_proposals22dydx_mainnet_proposalss_6dydx_2
FNF:20
FNH:17
DA:52,2
DA:53,2
DA:55,2
DA:57,2
DA:58,2
DA:59,12
DA:60,2
DA:62,2
DA:63,2
DA:64,0
DA:66,2
DA:69,2
DA:70,2
DA:71,2
DA:73,2
DA:74,2
DA:75,2
DA:76,2
DA:77,2
DA:78,2
DA:79,14
DA:80,2
DA:82,2
DA:84,3
DA:85,3
DA:86,768
DA:87,3
DA:88,3
DA:91,2
DA:92,2
DA:93,3
DA:94,3
DA:95,3
DA:98,3
DA:99,2
DA:100,0
DA:101,0
DA:102,2
DA:103,2
DA:104,2
DA:105,2
DA:106,2
DA:107,4
DA:108,0
DA:109,0
DA:110,0
DA:111,0
DA:112,0
DA:113,0
DA:116,3
DA:117,3
DA:118,3
DA:119,3
DA:120,3
DA:121,3
DA:122,3
DA:124,3
DA:125,3
DA:126,52
DA:127,3
DA:128,3
DA:129,3
DA:130,3
DA:131,3
DA:132,3
DA:133,3
DA:134,3
DA:135,3
DA:136,3
DA:137,3
DA:139,278
DA:140,3
DA:142,0
DA:143,0
DA:144,0
DA:145,0
DA:146,0
DA:147,0
DA:148,0
DA:149,0
DA:150,0
DA:153,0
DA:154,0
DA:158,277
DA:159,3
[...]
FNDA:0,_RNvXs14_NtCs1QoIgR6d7ey_6seaorm5voterNtB6_12RelationIterNtNtNtNtCsliVzVx4luf9_4core4iter6traits12double_ended19DoubleEndedIterator9next_back
FNDA:0,_RNvXs16_NtCs1QoIgR6d7ey_6seaorm5voterNtB6_12RelationIterNtNtCsliVzVx4luf9_4core5clone5Clone5clone
FNDA:0,_RNvXs0_NtCs1QoIgR6d7ey_6seaorm5voterNtB5_6ColumnNtNtNtCsjYlr2Bj3iq_7sea_orm6entity6column11ColumnTrait3def
FNDA:0,_RNvXs1_NtCs1QoIgR6d7ey_6seaorm5voterNtB5_8RelationNtNtNtCsjYlr2Bj3iq_7sea_orm6entity8relation13RelationTrait3def
FNDA:0,_RNvXs2_NtCs1QoIgR6d7ey_6seaorm5voterNtB5_6EntityINtNtNtCsjYlr2Bj3iq_7sea_orm6entity8relation7RelatedNtNtB7_13user_to_voter6EntityE2to
FNDA:0,_RNvXs3_NtCs1QoIgR6d7ey_6seaorm5voterNtB5_6EntityINtNtNtCsjYlr2Bj3iq_7sea_orm6entity8relation7RelatedNtNtB7_4vote6EntityE2to
FNF:10
FNH:0
DA:10,0
DA:11,0
DA:12,0
DA:15,0
DA:22,0
DA:29,0
DA:36,0
DA:37,0
DA:38,0
DA:41,0
DA:49,0
DA:50,0
DA:51,0
DA:52,0
DA:53,0
DA:55,0
DA:59,0
DA:60,0
DA:61,0
DA:62,0
DA:64,0
DA:68,0
DA:69,0
DA:70,0
DA:74,0
DA:75,0
DA:76,0
BRF:0
BRH:0
LF:27
LH:0
end_of_record
SF:/Users/andrei/git/proposalsapp/libs/rust/utils/src/test_utils.rs
FN:122,_RNCNvNtCslFRZaStTLsO_5utils10test_utils15assert_proposal0B5_
FN:167,_RNCNvNtCslFRZaStTLsO_5utils10test_utils11assert_vote0B5_
FN:187,_RNCNvNtCslFRZaStTLsO_5utils10test_utils11assert_votes_0B5_
FN:27,_RNvNtCslFRZaStTLsO_5utils10test_utils15assert_proposal
FN:144,_RNvNtCslFRZaStTLsO_5utils10test_utils11assert_vote
FN:193,_RNvNtCslFRZaStTLsO_5utils10test_utils14parse_datetime
FN:27,_RNvNtCs1RNjop4lCFQ_5utils10test_utils15assert_proposal
FN:122,_RNCNvNtCs1RNjop4lCFQ_5utils10test_utils15assert_proposal0B5_
FN:144,_RNvNtCs1RNjop4lCFQ_5utils10test_utils11assert_vote
FN:167,_RNCNvNtCs1RNjop4lCFQ_5utils10test_utils11assert_vote0B5_
FN:187,_RNCNvNtCs1RNjop4lCFQ_5utils10test_utils11assert_votes_0B5_
FN:193,_RNvNtCs1RNjop4lCFQ_5utils10test_utils14parse_datetime
FNDA:33,_RNCNvNtCslFRZaStTLsO_5utils10test_utils15assert_proposal0B5_
FNDA:9,_RNCNvNtCslFRZaStTLsO_5utils10test_utils11assert_vote0B5_
FNDA:15,_RNCNvNtCslFRZaStTLsO_5utils10test_utils11assert_votes_0B5_
FNDA:34,_RNvNtCslFRZaStTLsO_5utils10test_utils15assert_proposal
FNDA:15,_RNvNtCslFRZaStTLsO_5utils10test_utils11assert_vote
FNDA:117,_RNvNtCslFRZaStTLsO_5utils10test_utils14parse_datetime
FNDA:0,_RNvNtCs1RNjop4lCFQ_5utils10test_utils15assert_proposal
FNDA:0,_RNCNvNtCs1RNjop4lCFQ_5utils10test_utils15assert_proposal0B5_
FNDA:0,_RNvNtCs1RNjop4lCFQ_5utils10test_utils11assert_vote
FNDA:0,_RNCNvNtCs1RNjop4lCFQ_5utils10test_utils11assert_vote0B5_
FNDA:0,_RNCNvNtCs1RNjop4lCFQ_5utils10test_utils11assert_votes_0B5_
FNDA:0,_RNvNtCs1RNjop4lCFQ_5utils10test_utils14parse_datetime
FNF:6
FNH:6
DA:27,34
DA:28,34
DA:29,34
DA:31,0
DA:33,34
DA:34,34
DA:36,0
DA:38,34
DA:39,34
DA:41,0
DA:44,34
DA:45,31
DA:46,65
DA:47,34
DA:48,34
DA:49,0
DA:53,3
DA:55,34
DA:56,34
DA:58,0
DA:60,34
DA:61,34
DA:63,0
DA:65,34
DA:66,34
DA:68,0
DA:70,34
DA:71,34
DA:73,0
DA:75,34
DA:76,34
DA:78,0
DA:80,34
DA:81,34
DA:83,0
DA:85,34
DA:86,34
DA:88,0
DA:90,34
DA:91,34
DA:93,0
DA:95,34
DA:96,34
DA:98,0
DA:100,34
DA:101,34
DA:103,0
DA:105,34
DA:106,34
DA:108,0
DA:110,34
DA:111,34
DA:113,0
DA:115,34
DA:116,34
DA:118,0
DA:120,34
DA:121,34
DA:122,34
DA:123,0
DA:125,34
DA:126,34
DA:127,34
DA:128,0
DA:130,34
DA:144,15
DA:145,15
DA:146,15
DA:148,0
DA:150,15
DA:151,15
DA:153,0
DA:155,15
DA:156,15
DA:158,0
DA:160,15
DA:161,15
DA:163,0
DA:165,15
DA:166,15
DA:167,15
DA:168,0
DA:170,15
DA:171,15
DA:173,0
DA:175,15
DA:176,15
DA:178,0
DA:180,15
DA:181,15
DA:183,0
DA:185,15
DA:186,15
DA:187,15
DA:188,0
DA:190,15
DA:193,117
DA:194,117
DA:195,117
BRF:0
BRH:0
LF:102
LH:74
end_of_record
SF:/Users/andrei/git/proposalsapp/libs/rust/utils/src/tracing.rs
FN:19,_RNCNvNtCslFRZaStTLsO_5utils7tracing13setup_tracing0B5_
FN:81,_RINvNtCslFRZaStTLsO_5utils7tracing16run_with_tracingppEB4_
FN:85,_RNCINvNtCslFRZaStTLsO_5utils7tracing16run_with_tracingppE0B6_
FN:109,_RNCNvNtCslFRZaStTLsO_5utils7tracing16shutdown_tracing0B5_
FN:12,_RNvNtCslFRZaStTLsO_5utils7tracing13setup_tracing
FN:98,_RNvNtCslFRZaStTLsO_5utils7tracing21capture_panic_details
FN:109,_RNvNtCslFRZaStTLsO_5utils7tracing16shutdown_tracing
FN:12,_RNvNtCs1RNjop4lCFQ_5utils7tracing13setup_tracing
FN:19,_RNCNvNtCs1RNjop4lCFQ_5utils7tracing13setup_tracing0B5_
FN:81,_RINvNtCs1RNjop4lCFQ_5utils7tracing16run_with_tracingppEB4_
FN:85,_RNCINvNtCs1RNjop4lCFQ_5utils7tracing16run_with_tracingppE0B6_
FN:98,_RNvNtCs1RNjop4lCFQ_5utils7tracing21capture_panic_details
FN:109,_RNvNtCs1RNjop4lCFQ_5utils7tracing16shutdown_tracing
FN:109,_RNCNvNtCs1RNjop4lCFQ_5utils7tracing16shutdown_tracing0B5_
FNDA:0,_RNCNvNtCslFRZaStTLsO_5utils7tracing13setup_tracing0B5_
FNDA:0,_RINvNtCslFRZaStTLsO_5utils7tracing16run_with_tracingppEB4_
FNDA:0,_RNCINvNtCslFRZaStTLsO_5utils7tracing16run_with_tracingppE0B6_
FNDA:0,_RNCNvNtCslFRZaStTLsO_5utils7tracing16shutdown_tracing0B5_
FNDA:0,_RNvNtCslFRZaStTLsO_5utils7tracing13setup_tracing
FNDA:0,_RNvNtCslFRZaStTLsO_5utils7tracing21capture_panic_details
FNDA:0,_RNvNtCslFRZaStTLsO_5utils7tracing16shutdown_tracing
FNDA:0,_RNvNtCs1RNjop4lCFQ_5utils7tracing13setup_tracing
FNDA:0,_RNCNvNtCs1RNjop4lCFQ_5utils7tracing13setup_tracing0B5_
FNDA:0,_RINvNtCs1RNjop4lCFQ_5utils7tracing16run_with_tracingppEB4_
FNDA:0,_RNCINvNtCs1RNjop4lCFQ_5utils7tracing16run_with_tracingppE0B6_
FNDA:0,_RNvNtCs1RNjop4lCFQ_5utils7tracing21capture_panic_details
FNDA:0,_RNvNtCs1RNjop4lCFQ_5utils7tracing16shutdown_tracing
FNDA:0,_RNCNvNtCs1RNjop4lCFQ_5utils7tracing16shutdown_tracing0B5_
FNF:7
FNH:0
DA:12,0
DA:13,0
DA:14,0
DA:15,0
DA:16,0
DA:17,0
DA:18,0
DA:19,0
DA:20,0
DA:21,0
DA:22,0
DA:23,0
DA:24,0
DA:25,0
DA:26,0
DA:27,0
DA:28,0
DA:29,0
DA:30,0
DA:31,0
DA:32,0
DA:33,0
DA:34,0
DA:35,0
DA:36,0
DA:37,0
DA:38,0
DA:39,0
DA:40,0
DA:41,0
DA:42,0
DA:43,0
DA:44,0
DA:45,0
DA:46,0
DA:47,0
DA:48,0
DA:49,0
DA:50,0
DA:51,0
DA:52,0
DA:53,0
DA:54,0
DA:55,0
DA:56,0
DA:57,0
DA:58,0
DA:59,0
DA:60,0
DA:61,0
DA:62,0
DA:63,0
DA:64,0
DA:65,0
DA:66,0
DA:67,0
DA:68,0
DA:69,0
DA:70,0
DA:71,0
DA:72,0
DA:73,0
DA:74,0
DA:75,0
DA:76,0
DA:77,0
DA:78,0
DA:79,0
DA:81,0
DA:82,0
DA:83,0
DA:84,0
DA:85,0
DA:86,0
DA:89,0
DA:91,0
DA:92,0
DA:93,0
DA:95,0
DA:96,0
DA:98,0
DA:99,0
DA:100,0
DA:101,0
DA:102,0
DA:103,0
DA:105,0
DA:107,0
DA:109,0
DA:110,0
DA:111,0
DA:112,0
DA:113,0
BRF:0
BRH:0
LF:96
LH:0
end_of_record
SF:/Users/andrei/git/proposalsapp/libs/rust/utils/src/types.rs
FN:4,_RINvXNvXNvNtCslFRZaStTLsO_5utils5typess_1__NtB8_7JobTypeNtNtCsi2zptu4QhLv_5serde2de11Deserialize11deserializeNtB3_14___FieldVisitorNtBU_7Visitor9visit_u64pEBa_
FN:4,_RINvXNvXNvNtCslFRZaStTLsO_5utils5typess_1__NtB8_7JobTypeNtNtCsi2zptu4QhLv_5serde2de11Deserialize11deserializeNtB3_14___FieldVisitorNtBU_7Visitor9visit_strpEBa_
FN:4,_RINvXNvXNvNtCslFRZaStTLsO_5utils5typess_1__NtB8_7JobTypeNtNtCsi2zptu4QhLv_5serde2de11Deserialize11deserializeNtB3_14___FieldVisitorNtBU_7Visitor11visit_bytespEBa_
FN:4,_RINvXs_NvXNvNtCslFRZaStTLsO_5utils5typess_1__NtBa_7JobTypeNtNtCsi2zptu4QhLv_5serde2de11Deserialize11deserializeNtB5_7___FieldBU_11deserializepEBc_
FN:4,_RINvXs0_NvXNvNtCslFRZaStTLsO_5utils5typess_1__NtBb_7JobTypeNtNtCsi2zptu4QhLv_5serde2de11Deserialize11deserializeNtB6_9___VisitorNtBX_7Visitor10visit_enumpEBd_
FN:19,_RINvXNvXNvNtCslFRZaStTLsO_5utils5typess0_1__NtB8_12ProposalsJobNtNtCsi2zptu4QhLv_5serde2de11Deserialize11deserializeNtB3_14___FieldVisitorNtB11_7Visitor9visit_u64pEBa_
FN:19,_RINvXNvXNvNtCslFRZaStTLsO_5utils5typess0_1__NtB8_12ProposalsJobNtNtCsi2zptu4QhLv_5serde2de11Deserialize11deserializeNtB3_14___FieldVisitorNtB11_7Visitor9visit_strpEBa_
FN:19,_RINvXNvXNvNtCslFRZaStTLsO_5utils5typess0_1__NtB8_12ProposalsJobNtNtCsi2zptu4QhLv_5serde2de11Deserialize11deserializeNtB3_14___FieldVisitorNtB11_7Visitor11visit_bytespEBa_
FN:19,_RINvXs_NvXNvNtCslFRZaStTLsO_5utils5typess0_1__NtBa_12ProposalsJobNtNtCsi2zptu4QhLv_5serde2de11Deserialize11deserializeNtB5_7___FieldB11_11deserializepEBc_
FN:19,_RINvXs0_NvXNvNtCslFRZaStTLsO_5utils5typess0_1__NtBb_12ProposalsJobNtNtCsi2zptu4QhLv_5serde2de11Deserialize11deserializeNtB6_9___VisitorNtB14_7Visitor9visit_seqpEBd_
FN:19,_RINvXs0_NvXNvNtCslFRZaStTLsO_5utils5typess0_1__NtBb_12ProposalsJobNtNtCsi2zptu4QhLv_5serde2de11Deserialize11deserializeNtB6_9___VisitorNtB14_7Visitor9visit_mappEBd_
FN:25,_RINvXNvXNvNtCslFRZaStTLsO_5utils5typess2_1__NtB8_8VotesJobNtNtCsi2zptu4QhLv_5serde2de11Deserialize11deserializeNtB3_14___FieldVisitorNtBW_7Visitor9visit_u64pEBa_
FN:25,_RINvXNvXNvNtCslFRZaStTLsO_5utils5typess2_1__NtB8_8VotesJobNtNtCsi2zptu4QhLv_5serde2de11Deserialize11deserializeNtB3_14___FieldVisitorNtBW_7Visitor9visit_strpEBa_
FN:25,_RINvXNvXNvNtCslFRZaStTLsO_5utils5typess2_1__NtB8_8VotesJobNtNtCsi2zptu4QhLv_5serde2de11Deserialize11deserializeNtB3_14___FieldVisitorNtBW_7Visitor11visit_bytespEBa_
FN:25,_RINvXs_NvXNvNtCslFRZaStTLsO_5utils5typess2_1__NtBa_8VotesJobNtNtCsi2zptu4QhLv_5serde2de11Deserialize11deserializeNtB5_7___FieldBW_11deserializepEBc_
FN:25,_RINvXs0_NvXNvNtCslFRZaStTLsO_5utils5typess2_1__NtBb_8VotesJobNtNtCsi2zptu4QhLv_5serde2de11Deserialize11deserializeNtB6_9___VisitorNtBZ_7Visitor9visit_seqpEBd_
FN:25,_RINvXs0_NvXNvNtCslFRZaStTLsO_5utils5typess2_1__NtBb_8VotesJobNtNtCsi2zptu4QhLv_5serde2de11Deserialize11deserializeNtB6_9___VisitorNtBZ_7Visitor9visit_mappEBd_
FN:4,_RNvXNvXNvNtCs1RNjop4lCFQ_5utils5typess_1__NtB7_7JobTypeNtNtCsi2zptu4QhLv_5serde2de11Deserialize11deserializeNtB2_14___FieldVisitorNtBT_7Visitor9expecting
FN:4,_RINvXNvXNvNtCs1RNjop4lCFQ_5utils5typess_1__NtB8_7JobTypeNtNtCsi2zptu4QhLv_5serde2de11Deserialize11deserializeNtB3_14___FieldVisitorNtBU_7Visitor9visit_u64pEBa_
FN:4,_RINvXNvXNvNtCs1RNjop4lCFQ_5utils5typess_1__NtB8_7JobTypeNtNtCsi2zptu4QhLv_5serde2de11Deserialize11deserializeNtB3_14___FieldVisitorNtBU_7Visitor9visit_strpEBa_
FN:4,_RINvXNvXNvNtCs1RNjop4lCFQ_5utils5typess_1__NtB8_7JobTypeNtNtCsi2zptu4QhLv_5serde2de11Deserialize11deserializeNtB3_14___FieldVisitorNtBU_7Visitor11visit_bytespEBa_
FN:4,_RINvXs_NvXNvNtCs1RNjop4lCFQ_5utils5typess_1__NtBa_7JobTypeNtNtCsi2zptu4QhLv_5serde2de11Deserialize11deserializeNtB5_7___FieldBU_11deserializepEBc_
FN:4,_RNvXs0_NvXNvNtCs1RNjop4lCFQ_5utils5typess_1__NtBa_7JobTypeNtNtCsi2zptu4QhLv_5serde2de11Deserialize11deserializeNtB5_9___VisitorNtBW_7Visitor9expecting
FN:4,_RINvXs0_NvXNvNtCs1RNjop4lCFQ_5utils5typess_1__NtBb_7JobTypeNtNtCsi2zptu4QhLv_5serde2de11Deserialize11deserializeNtB6_9___VisitorNtBX_7Visitor10visit_enumpEBd_
FN:11,_RNvMNtCs1RNjop4lCFQ_5utils5typesNtB2_7JobType6as_str
FN:19,_RNvXNvXNvNtCs1RNjop4lCFQ_5utils5typess0_1__NtB7_12ProposalsJobNtNtCsi2zptu4QhLv_5serde2de11Deserialize11deserializeNtB2_14___FieldVisitorNtB10_7Visitor9expecting
FN:19,_RINvXNvXNvNtCs1RNjop4lCFQ_5utils5typess0_1__NtB8_12ProposalsJobNtNtCsi2zptu4QhLv_5serde2de11Deserialize11deserializeNtB3_14___FieldVisitorNtB11_7Visitor9visit_u64pEBa_
FN:19,_RINvXNvXNvNtCs1RNjop4lCFQ_5utils5typess0_1__NtB8_12ProposalsJobNtNtCsi2zptu4QhLv_5serde2de11Deserialize11deserializeNtB3_14___FieldVisitorNtB11_7Visitor9visit_strpEBa_
FN:19,_RINvXNvXNvNtCs1RNjop4lCFQ_5utils5typess0_1__NtB8_12ProposalsJobNtNtCsi2zptu4QhLv_5serde2de11Deserialize11deserializeNtB3_14___FieldVisitorNtB11_7Visitor11visit_bytespEBa_
FN:19,_RINvXs_NvXNvNtCs1RNjop4lCFQ_5utils5typess0_1__NtBa_12ProposalsJobNtNtCsi2zptu4QhLv_5serde2de11Deserialize11deserializeNtB5_7___FieldB11_11deserializepEBc_
FN:19,_RNvXs0_NvXNvNtCs1RNjop4lCFQ_5utils5typess0_1__NtBa_12ProposalsJobNtNtCsi2zptu4QhLv_5serde2de11Deserialize11deserializeNtB5_9___VisitorNtB13_7Visitor9expecting
FN:19,_RINvXs0_NvXNvNtCs1RNjop4lCFQ_5utils5typess0_1__NtBb_12ProposalsJobNtNtCsi2zptu4QhLv_5serde2de11Deserialize11deserializeNtB6_9___VisitorNtB14_7Visitor9visit_seqpEBd_
FN:19,_RINvXs0_NvXNvNtCs1RNjop4lCFQ_5utils5typess0_1__NtBb_12ProposalsJobNtNtCsi2zptu4QhLv_5serde2de11Deserialize11deserializeNtB6_9___VisitorNtB14_7Visitor9visit_mappEBd_
FN:25,_RNvXNvXNvNtCs1RNjop4lCFQ_5utils5typess2_1__NtB7_8VotesJobNtNtCsi2zptu4QhLv_5serde2de11Deserialize11deserializeNtB2_14___FieldVisitorNtBV_7Visitor9expecting
FN:25,_RINvXNvXNvNtCs1RNjop4lCFQ_5utils5typess2_1__NtB8_8VotesJobNtNtCsi2zptu4QhLv_5serde2de11Deserialize11deserializeNtB3_14___FieldVisitorNtBW_7Visitor9visit_u64pEBa_
FN:25,_RINvXNvXNvNtCs1RNjop4lCFQ_5utils5typess2_1__NtB8_8VotesJobNtNtCsi2zptu4QhLv_5serde2de11Deserialize11deserializeNtB3_14___FieldVisitorNtBW_7Visitor9visit_strpEBa_
FN:25,_RINvXNvXNvNtCs1RNjop4lCFQ_5utils5typess2_1__NtB8_8VotesJobNtNtCsi2zptu4QhLv_5serde2de11Deserialize11deserializeNtB3_14___FieldVisitorNtBW_7Visitor11visit_bytespEBa_
FN:25,_RINvXs_NvXNvNtCs1RNjop4lCFQ_5utils5typess2_1__NtBa_8VotesJobNtNtCsi2zptu4QhLv_5serde2de11Deserialize11deserializeNtB5_7___FieldBW_11deserializepEBc_
FN:25,_RNvXs0_NvXNvNtCs1RNjop4lCFQ_5utils5typess2_1__NtBa_8VotesJobNtNtCsi2zptu4QhLv_5serde2de11Deserialize11deserializeNtB5_9___VisitorNtBY_7Visitor9expecting
FN:25,_RINvXs0_NvXNvNtCs1RNjop4lCFQ_5utils5typess2_1__NtBb_8VotesJobNtNtCsi2zptu4QhLv_5serde2de11Deserialize11deserializeNtB6_9___VisitorNtBZ_7Visitor9visit_seqpEBd_
FN:25,_RINvXs0_NvXNvNtCs1RNjop4lCFQ_5utils5typess2_1__NtBb_8VotesJobNtNtCsi2zptu4QhLv_5serde2de11Deserialize11deserializeNtB6_9___VisitorNtBZ_7Visitor9visit_mappEBd_
FNDA:0,_RINvXNvXNvNtCslFRZaStTLsO_5utils5typess_1__NtB8_7JobTypeNtNtCsi2zptu4QhLv_5serde2de11Deserialize11deserializeNtB3_14___FieldVisitorNtBU_7Visitor9visit_u64pEBa_
FNDA:0,_RINvXNvXNvNtCslFRZaStTLsO_5utils5typess_1__NtB8_7JobTypeNtNtCsi2zptu4QhLv_5serde2de11Deserialize11deserializeNtB3_14___FieldVisitorNtBU_7Visitor9visit_strpEBa_
FNDA:0,_RINvXNvXNvNtCslFRZaStTLsO_5utils5typess_1__NtB8_7JobTypeNtNtCsi2zptu4QhLv_5serde2de11Deserialize11deserializeNtB3_14___FieldVisitorNtBU_7Visitor11visit_bytespEBa_
FNDA:0,_RINvXs_NvXNvNtCslFRZaStTLsO_5utils5typess_1__NtBa_7JobTypeNtNtCsi2zptu4QhLv_5serde2de11Deserialize11deserializeNtB5_7___FieldBU_11deserializepEBc_
FNDA:0,_RINvXs0_NvXNvNtCslFRZaStTLsO_5utils5typess_1__NtBb_7JobTypeNtNtCsi2zptu4QhLv_5serde2de11Deserialize11deserializeNtB6_9___VisitorNtBX_7Visitor10visit_enumpEBd_
FNDA:0,_RINvXNvXNvNtCslFRZaStTLsO_5utils5typess0_1__NtB8_12ProposalsJobNtNtCsi2zptu4QhLv_5serde2de11Deserialize11deserializeNtB3_14___FieldVisitorNtB11_7Visitor9visit_u64pEBa_
FNDA:0,_RINvXNvXNvNtCslFRZaStTLsO_5utils5typess0_1__NtB8_12ProposalsJobNtNtCsi2zptu4QhLv_5serde2de11Deserialize11deserializeNtB3_14___FieldVisitorNtB11_7Visitor9visit_strpEBa_
FNDA:0,_RINvXNvXNvNtCslFRZaStTLsO_5utils5typess0_1__NtB8_12ProposalsJobNtNtCsi2zptu4QhLv_5serde2de11Deserialize11deserializeNtB3_14___FieldVisitorNtB11_7Visitor11visit_bytespEBa_
FNDA:0,_RINvXs_NvXNvNtCslFRZaStTLsO_5utils5typess0_1__NtBa_12ProposalsJobNtNtCsi2zptu4QhLv_5serde2de11Deserialize11deserializeNtB5_7___FieldB11_11deserializepEBc_
FNDA:0,_RINvXs0_NvXNvNtCslFRZaStTLsO_5utils5typess0_1__NtBb_12ProposalsJobNtNtCsi2zptu4QhLv_5serde2de11Deserialize11deserializeNtB6_9___VisitorNtB14_7Visitor9visit_seqpEBd_
FNDA:0,_RINvXs0_NvXNvNtCslFRZaStTLsO_5utils5typess0_1__NtBb_12ProposalsJobNtNtCsi2zptu4QhLv_5serde2de11Deserialize11deserializeNtB6_9___VisitorNtB14_7Visitor9visit_mappEBd_
FNDA:0,_RINvXNvXNvNtCslFRZaStTLsO_5utils5typess2_1__NtB8_8VotesJobNtNtCsi2zptu4QhLv_5serde2de11Deserialize11deserializeNtB3_14___FieldVisitorNtBW_7Visitor9visit_u64pEBa_
FNDA:0,_RINvXNvXNvNtCslFRZaStTLsO_5utils5typess2_1__NtB8_8VotesJobNtNtCsi2zptu4QhLv_5serde2de11Deserialize11deserializeNtB3_14___FieldVisitorNtBW_7Visitor9visit_strpEBa_
FNDA:0,_RINvXNvXNvNtCslFRZaStTLsO_5utils5typess2_1__NtB8_8VotesJobNtNtCsi2zptu4QhLv_5serde2de11Deserialize11deserializeNtB3_14___FieldVisitorNtBW_7Visitor11visit_bytespEBa_
FNDA:0,_RINvXs_NvXNvNtCslFRZaStTLsO_5utils5typess2_1__NtBa_8VotesJobNtNtCsi2zptu4QhLv_5serde2de11Deserialize11deserializeNtB5_7___FieldBW_11deserializepEBc_
FNDA:0,_RINvXs0_NvXNvNtCslFRZaStTLsO_5utils5typess2_1__NtBb_8VotesJobNtNtCsi2zptu4QhLv_5serde2de11Deserialize11deserializeNtB6_9___VisitorNtBZ_7Visitor9visit_seqpEBd_
FNDA:0,_RINvXs0_NvXNvNtCslFRZaStTLsO_5utils5typess2_1__NtBb_8VotesJobNtNtCsi2zptu4QhLv_5serde2de11Deserialize11deserializeNtB6_9___VisitorNtBZ_7Visitor9visit_mappEBd_
FNDA:0,_RNvXNvXNvNtCs1RNjop4lCFQ_5utils5typess_1__NtB7_7JobTypeNtNtCsi2zptu4QhLv_5serde2de11Deserialize11deserializeNtB2_14___FieldVisitorNtBT_7Visitor9expecting
FNDA:0,_RINvXNvXNvNtCs1RNjop4lCFQ_5utils5typess_1__NtB8_7JobTypeNtNtCsi2zptu4QhLv_5serde2de11Deserialize11deserializeNtB3_14___FieldVisitorNtBU_7Visitor9visit_u64pEBa_
FNDA:0,_RINvXNvXNvNtCs1RNjop4lCFQ_5utils5typess_1__NtB8_7JobTypeNtNtCsi2zptu4QhLv_5serde2de11Deserialize11deserializeNtB3_14___FieldVisitorNtBU_7Visitor9visit_strpEBa_
FNDA:0,_RINvXNvXNvNtCs1RNjop4lCFQ_5utils5typess_1__NtB8_7JobTypeNtNtCsi2zptu4QhLv_5serde2de11Deserialize11deserializeNtB3_14___FieldVisitorNtBU_7Visitor11visit_bytespEBa_
FNDA:0,_RINvXs_NvXNvNtCs1RNjop4lCFQ_5utils5typess_1__NtBa_7JobTypeNtNtCsi2zptu4QhLv_5serde2de11Deserialize11deserializeNtB5_7___FieldBU_11deserializepEBc_
FNDA:0,_RNvXs0_NvXNvNtCs1RNjop4lCFQ_5utils5typess_1__NtBa_7JobTypeNtNtCsi2zptu4QhLv_5serde2de11Deserialize11deserializeNtB5_9___VisitorNtBW_7Visitor9expecting
FNDA:0,_RINvXs0_NvXNvNtCs1RNjop4lCFQ_5utils5typess_1__NtBb_7JobTypeNtNtCsi2zptu4QhLv_5serde2de11Deserialize11deserializeNtB6_9___VisitorNtBX_7Visitor10visit_enumpEBd_
FNDA:0,_RNvMNtCs1RNjop4lCFQ_5utils5typesNtB2_7JobType6as_str
FNDA:0,_RNvXNvXNvNtCs1RNjop4lCFQ_5utils5typess0_1__NtB7_12ProposalsJobNtNtCsi2zptu4QhLv_5serde2de11Deserialize11deserializeNtB2_14___FieldVisitorNtB10_7Visitor9expecting
FNDA:0,_RINvXNvXNvNtCs1RNjop4lCFQ_5utils5typess0_1__NtB8_12ProposalsJobNtNtCsi2zptu4QhLv_5serde2de11Deserialize11deserializeNtB3_14___FieldVisitorNtB11_7Visitor9visit_u64pEBa_
FNDA:0,_RINvXNvXNvNtCs1RNjop4lCFQ_5utils5typess0_1__NtB8_12ProposalsJobNtNtCsi2zptu4QhLv_5serde2de11Deserialize11deserializeNtB3_14___FieldVisitorNtB11_7Visitor9visit_strpEBa_
FNDA:0,_RINvXNvXNvNtCs1RNjop4lCFQ_5utils5typess0_1__NtB8_12ProposalsJobNtNtCsi2zptu4QhLv_5serde2de11Deserialize11deserializeNtB3_14___FieldVisitorNtB11_7Visitor11visit_bytespEBa_
FNDA:0,_RINvXs_NvXNvNtCs1RNjop4lCFQ_5utils5typess0_1__NtBa_12ProposalsJobNtNtCsi2zptu4QhLv_5serde2de11Deserialize11deserializeNtB5_7___FieldB11_11deserializepEBc_
FNDA:0,_RNvXs0_NvXNvNtCs1RNjop4lCFQ_5utils5typess0_1__NtBa_12ProposalsJobNtNtCsi2zptu4QhLv_5serde2de11Deserialize11deserializeNtB5_9___VisitorNtB13_7Visitor9expecting
FNDA:0,_RINvXs0_NvXNvNtCs1RNjop4lCFQ_5utils5typess0_1__NtBb_12ProposalsJobNtNtCsi2zptu4QhLv_5serde2de11Deserialize11deserializeNtB6_9___VisitorNtB14_7Visitor9visit_seqpEBd_
FNDA:0,_RINvXs0_NvXNvNtCs1RNjop4lCFQ_5utils5typess0_1__NtBb_12ProposalsJobNtNtCsi2zptu4QhLv_5serde2de11Deserialize11deserializeNtB6_9___VisitorNtB14_7Visitor9visit_mappEBd_
FNDA:0,_RNvXNvXNvNtCs1RNjop4lCFQ_5utils5typess2_1__NtB7_8VotesJobNtNtCsi2zptu4QhLv_5serde2de11Deserialize11deserializeNtB2_14___FieldVisitorNtBV_7Visitor9expecting
FNDA:0,_RINvXNvXNvNtCs1RNjop4lCFQ_5utils5typess2_1__NtB8_8VotesJobNtNtCsi2zptu4QhLv_5serde2de11Deserialize11deserializeNtB3_14___FieldVisitorNtBW_7Visitor9visit_u64pEBa_
FNDA:0,_RINvXNvXNvNtCs1RNjop4lCFQ_5utils5typess2_1__NtB8_8VotesJobNtNtCsi2zptu4QhLv_5serde2de11Deserialize11deserializeNtB3_14___FieldVisitorNtBW_7Visitor9visit_strpEBa_
FNDA:0,_RINvXNvXNvNtCs1RNjop4lCFQ_5utils5typess2_1__NtB8_8VotesJobNtNtCsi2zptu4QhLv_5serde2de11Deserialize11deserializeNtB3_14___FieldVisitorNtBW_7Visitor11visit_bytespEBa_
FNDA:0,_RINvXs_NvXNvNtCs1RNjop4lCFQ_5utils5typess2_1__NtBa_8VotesJobNtNtCsi2zptu4QhLv_5serde2de11Deserialize11deserializeNtB5_7___FieldBW_11deserializepEBc_
FNDA:0,_RNvXs0_NvXNvNtCs1RNjop4lCFQ_5utils5typess2_1__NtBa_8VotesJobNtNtCsi2zptu4QhLv_5serde2de11Deserialize11deserializeNtB5_9___VisitorNtBY_7Visitor9expecting
FNDA:0,_RINvXs0_NvXNvNtCs1RNjop4lCFQ_5utils5typess2_1__NtBb_8VotesJobNtNtCsi2zptu4QhLv_5serde2de11Deserialize11deserializeNtB6_9___VisitorNtBZ_7Visitor9visit_seqpEBd_
FNDA:0,_RINvXs0_NvXNvNtCs1RNjop4lCFQ_5utils5typess2_1__NtBb_8VotesJobNtNtCsi2zptu4QhLv_5serde2de11Deserialize11deserializeNtB6_9___VisitorNtBZ_7Visitor9visit_mappEBd_
FNF:4
FNH:0
DA:4,0
DA:11,0
DA:12,0
DA:13,0
DA:14,0
DA:16,0
DA:19,0
DA:25,0
BRF:0
BRH:0
LF:8
LH:0
end_of_record